#
# There is insufficient memory for the Java Runtime Environment to continue.
# Native memory allocation (malloc) failed to allocate 6478800 bytes. Error detail: Chunk::new
# Possible reasons:
#   The system is out of physical RAM or swap space
#   This process is running with CompressedOops enabled, and the Java Heap may be blocking the growth of the native heap
# Possible solutions:
#   Reduce memory load on the system
#   Increase physical memory or swap space
#   Check if swap backing store is full
#   Decrease Java heap size (-Xmx/-Xms)
#   Decrease number of Java threads
#   Decrease Java thread stack sizes (-Xss)
#   Set larger code cache with -XX:ReservedCodeCacheSize=
#   JVM is running with Zero Based Compressed Oops mode in which the Java heap is
#     placed in the first 32GB address space. The Java Heap base address is the
#     maximum limit for the native heap growth. Please use -XX:HeapBaseMinAddress
#     to set the Java Heap base and to place the Java Heap above 32GB virtual address.
# This output file may be truncated or incomplete.
#
#  Out of Memory Error (arena.cpp:162), pid=26232, tid=8600
#
# JRE version: OpenJDK Runtime Environment (24.0.1+9) (build 24.0.1+9-30)
# Java VM: OpenJDK 64-Bit Server VM (24.0.1+9-30, mixed mode, sharing, tiered, compressed oops, compressed class ptrs, g1 gc, windows-amd64)
# No core dump will be written. Minidumps are not enabled by default on client versions of Windows
#

---------------  S U M M A R Y ------------

Command Line: -javaagent:D:\IntelliJ IDEA 2024.3.2.2\lib\idea_rt.jar=53399:D:\IntelliJ IDEA 2024.3.2.2\bin -Dfile.encoding=UTF-8 -Dsun.stdout.encoding=UTF-8 -Dsun.stderr.encoding=UTF-8 org.example.Main

Host: 13th Gen Intel(R) Core(TM) i5-1335U, 12 cores, 15G,  Windows 11 , 64 bit Build 26100 (10.0.26100.7309)
Time: Thu Jan  1 05:24:53 2026 SE Asia Standard Time elapsed time: 0.972197 seconds (0d 0h 0m 0s)

---------------  T H R E A D  ---------------

Current thread (0x000001cc9d97a020):  JavaThread "C2 CompilerThread2" daemon [_thread_in_native, id=8600, stack(0x000000264ef00000,0x000000264f000000) (1024K)]


Current CompileTask:
C2:972 2252       4       sun.util.locale.BaseLocale::getInstance (160 bytes)

Stack: [0x000000264ef00000,0x000000264f000000]
Native frames: (J=compiled Java code, j=interpreted, Vv=VM code, C=native code)
V  [jvm.dll+0x730739]  (no source info available)
V  [jvm.dll+0x8d9b23]  (no source info available)
V  [jvm.dll+0x8dc00d]  (no source info available)
V  [jvm.dll+0x8dc683]  (no source info available)
V  [jvm.dll+0x2aa086]  (no source info available)
V  [jvm.dll+0xcedef]  (no source info available)
V  [jvm.dll+0xcf04f]  (no source info available)
V  [jvm.dll+0x154d83]  (no source info available)
V  [jvm.dll+0x735f5f]  (no source info available)
V  [jvm.dll+0x26fa1c]  (no source info available)
V  [jvm.dll+0x26ea3f]  (no source info available)
V  [jvm.dll+0x1e9d60]  (no source info available)
V  [jvm.dll+0x27e1fb]  (no source info available)
V  [jvm.dll+0x27c49a]  (no source info available)
V  [jvm.dll+0x42f456]  (no source info available)
V  [jvm.dll+0x87d76b]  (no source info available)
V  [jvm.dll+0x72ee55]  (no source info available)
C  [ucrtbase.dll+0x37b0]  (no source info available)
C  [KERNEL32.DLL+0x2e8d7]  (no source info available)
C  [ntdll.dll+0x8c53c]  (no source info available)

Lock stack of current Java thread (top to bottom):


---------------  P R O C E S S  ---------------

Threads class SMR info:
_java_thread_list=0x000001cce50e0a60, length=24, elements={
0x000001ccff31ed90, 0x000001ccff31f6d0, 0x000001ccff324f40, 0x000001ccff327e10,
0x000001ccff32d570, 0x000001ccff3260a0, 0x000001ccff326e60, 0x000001cc9d6f10a0,
0x000001cc9d8ef100, 0x000001cc9d944ed0, 0x000001cc9d945610, 0x000001cc9d979100,
0x000001cc9d97a020, 0x000001cce3397670, 0x000001cce3398230, 0x000001cc9d9705e0,
0x000001cce305fc70, 0x000001ccfcf111c0, 0x000001cce41b6390, 0x000001cce354f560,
0x000001cce37fe380, 0x000001cce3525330, 0x000001cce35261d0, 0x000001cce35277c0
}

Java Threads: ( => current thread )
  0x000001ccff31ed90 JavaThread "Reference Handler"          daemon [_thread_blocked, id=27292, stack(0x000000264e300000,0x000000264e400000) (1024K)]
  0x000001ccff31f6d0 JavaThread "Finalizer"                  daemon [_thread_blocked, id=3760, stack(0x000000264e400000,0x000000264e500000) (1024K)]
  0x000001ccff324f40 JavaThread "Signal Dispatcher"          daemon [_thread_blocked, id=24148, stack(0x000000264e500000,0x000000264e600000) (1024K)]
  0x000001ccff327e10 JavaThread "Attach Listener"            daemon [_thread_blocked, id=13096, stack(0x000000264e600000,0x000000264e700000) (1024K)]
  0x000001ccff32d570 JavaThread "Service Thread"             daemon [_thread_blocked, id=24976, stack(0x000000264e700000,0x000000264e800000) (1024K)]
  0x000001ccff3260a0 JavaThread "Monitor Deflation Thread"   daemon [_thread_blocked, id=27412, stack(0x000000264e800000,0x000000264e900000) (1024K)]
  0x000001ccff326e60 JavaThread "C2 CompilerThread0"         daemon [_thread_blocked, id=12376, stack(0x000000264e900000,0x000000264ea00000) (1024K)]
  0x000001cc9d6f10a0 JavaThread "C1 CompilerThread0"         daemon [_thread_blocked, id=13488, stack(0x000000264ea00000,0x000000264eb00000) (1024K)]
  0x000001cc9d8ef100 JavaThread "Common-Cleaner"             daemon [_thread_blocked, id=24944, stack(0x000000264eb00000,0x000000264ec00000) (1024K)]
  0x000001cc9d944ed0 JavaThread "Monitor Ctrl-Break"         daemon [_thread_in_native, id=18464, stack(0x000000264ec00000,0x000000264ed00000) (1024K)]
  0x000001cc9d945610 JavaThread "Notification Thread"        daemon [_thread_blocked, id=17752, stack(0x000000264ed00000,0x000000264ee00000) (1024K)]
  0x000001cc9d979100 JavaThread "C2 CompilerThread1"         daemon [_thread_in_native, id=13072, stack(0x000000264ee00000,0x000000264ef00000) (1024K)]
=>0x000001cc9d97a020 JavaThread "C2 CompilerThread2"         daemon [_thread_in_native, id=8600, stack(0x000000264ef00000,0x000000264f000000) (1024K)]
  0x000001cce3397670 JavaThread "Java2D Disposer"            daemon [_thread_blocked, id=5272, stack(0x000000264f000000,0x000000264f100000) (1024K)]
  0x000001cce3398230 JavaThread "AWT-Shutdown"                      [_thread_blocked, id=1360, stack(0x000000264f100000,0x000000264f200000) (1024K)]
  0x000001cc9d9705e0 JavaThread "AWT-Windows"                daemon [_thread_in_native, id=23708, stack(0x000000264f200000,0x000000264f300000) (1024K)]
  0x000001cce305fc70 JavaThread "AWT-EventQueue-0"                  [_thread_in_vm, id=9736, stack(0x000000264f300000,0x000000264f400000) (1024K)]
  0x000001ccfcf111c0 JavaThread "DestroyJavaVM"                     [_thread_blocked, id=19272, stack(0x000000264db00000,0x000000264dc00000) (1024K)]
  0x000001cce41b6390 JavaThread "mysql-cj-abandoned-connection-cleanup" daemon [_thread_blocked, id=10672, stack(0x000000264f400000,0x000000264f500000) (1024K)]
  0x000001cce354f560 JavaThread "RMI TCP Accept-0"           daemon [_thread_in_native, id=3608, stack(0x000000264f500000,0x000000264f600000) (1024K)]
  0x000001cce37fe380 JavaThread "RMI TCP Connection(1)-192.168.1.5" daemon [_thread_in_native, id=20844, stack(0x000000264f600000,0x000000264f700000) (1024K)]
  0x000001cce3525330 JavaThread "RMI Scheduler(0)"           daemon [_thread_blocked, id=7212, stack(0x000000264f700000,0x000000264f800000) (1024K)]
  0x000001cce35261d0 JavaThread "JMX server connection timeout 39" daemon [_thread_blocked, id=20720, stack(0x000000264f800000,0x000000264f900000) (1024K)]
  0x000001cce35277c0 JavaThread "TimerQueue"                 daemon [_thread_blocked, id=14712, stack(0x0000002650400000,0x0000002650500000) (1024K)]
Total: 24

Other Threads:
  0x000001ccff30f4f0 VMThread "VM Thread"                           [id=13900, stack(0x000000264e200000,0x000000264e300000) (1024K)]
  0x000001ccff301440 WatcherThread "VM Periodic Task Thread"        [id=24864, stack(0x000000264e100000,0x000000264e200000) (1024K)]
  0x000001ccfad1df30 WorkerThread "GC Thread#0"                     [id=18448, stack(0x000000264dc00000,0x000000264dd00000) (1024K)]
  0x000001cce438b2c0 WorkerThread "GC Thread#1"                     [id=21068, stack(0x000000264f900000,0x000000264fa00000) (1024K)]
  0x000001cce438a7b0 WorkerThread "GC Thread#2"                     [id=25344, stack(0x000000264fa00000,0x000000264fb00000) (1024K)]
  0x000001cce438ab60 WorkerThread "GC Thread#3"                     [id=5932, stack(0x000000264fb00000,0x000000264fc00000) (1024K)]
  0x000001cce438ba20 WorkerThread "GC Thread#4"                     [id=27408, stack(0x000000264fc00000,0x000000264fd00000) (1024K)]
  0x000001cce438af10 WorkerThread "GC Thread#5"                     [id=23472, stack(0x000000264fd00000,0x000000264fe00000) (1024K)]
  0x000001cce438b670 WorkerThread "GC Thread#6"                     [id=25364, stack(0x000000264fe00000,0x000000264ff00000) (1024K)]
  0x000001cce43e1d80 WorkerThread "GC Thread#7"                     [id=14348, stack(0x000000264ff00000,0x0000002650000000) (1024K)]
  0x000001cce43e03b0 WorkerThread "GC Thread#8"                     [id=10272, stack(0x0000002650000000,0x0000002650100000) (1024K)]
  0x000001cce43e0760 WorkerThread "GC Thread#9"                     [id=27320, stack(0x0000002650100000,0x0000002650200000) (1024K)]
  0x000001ccfad1eb10 ConcurrentGCThread "G1 Main Marker"            [id=24140, stack(0x000000264dd00000,0x000000264de00000) (1024K)]
  0x000001ccfcf8b0e0 WorkerThread "G1 Conc#0"                       [id=23328, stack(0x000000264de00000,0x000000264df00000) (1024K)]
  0x000001cce43e0b10 WorkerThread "G1 Conc#1"                       [id=17480, stack(0x0000002650200000,0x0000002650300000) (1024K)]
  0x000001cce43e0ec0 WorkerThread "G1 Conc#2"                       [id=5164, stack(0x0000002650300000,0x0000002650400000) (1024K)]
  0x000001ccff1b7410 ConcurrentGCThread "G1 Refine#0"               [id=4860, stack(0x000000264df00000,0x000000264e000000) (1024K)]
  0x000001ccff1b7ba0 ConcurrentGCThread "G1 Service"                [id=22796, stack(0x000000264e000000,0x000000264e100000) (1024K)]
Total: 18

Threads with active compile tasks:
C1 CompilerThread0  1005 2395       3       java.lang.ClassLoader::preDefineClass (118 bytes)
C2 CompilerThread1  1005 2268       4       jdk.internal.classfile.impl.StackMapGenerator::processBlock (2767 bytes)
C2 CompilerThread2  1005 2252       4       sun.util.locale.BaseLocale::getInstance (160 bytes)
Total: 3

VM state: not at safepoint (normal execution)

VM Mutex/Monitor currently owned by a thread: None

Heap address: 0x0000000704a00000, size: 4022 MB, Compressed Oops mode: Zero based, Oop shift amount: 3

CDS archive(s) mapped at: [0x000001cc9e000000-0x000001cc9ed40000-0x000001cc9ed40000), size 13893632, SharedBaseAddress: 0x000001cc9e000000, ArchiveRelocationMode: 1.
Compressed class space mapped at: 0x000001cc9f000000-0x000001ccdf000000, reserved size: 1073741824
UseCompressedClassPointers 1, UseCompactObjectHeaders 0
Narrow klass pointer bits 32, Max shift 3
Narrow klass base: 0x000001cc9e000000, Narrow klass shift: 0
Encoding Range: [0x000001cc9e000000 - 0x000001cd9e000000), (4294967296 bytes)
Klass Range:    [0x000001cc9e000000 - 0x000001ccdf000000), (1090519040 bytes)
Klass ID Range:  [8 - 1090519033) (1090519025)

GC Precious Log:
 CardTable entry size: 512
 Card Set container configuration: InlinePtr #cards 4 size 8 Array Of Cards #cards 16 size 48 Howl #buckets 8 coarsen threshold 3686 Howl Bitmap #cards 512 size 80 coarsen threshold 460 Card regions per heap region 1 cards per card region 4096
 CPUs: 12 total, 12 available
 Memory: 16087M
 Large Page Support: Disabled
 NUMA Support: Disabled
 Compressed Oops: Enabled (Zero based)
 Heap Region Size: 2M
 Heap Min Capacity: 8M
 Heap Initial Capacity: 252M
 Heap Max Capacity: 4022M
 Pre-touch: Disabled
 Parallel Workers: 10
 Concurrent Workers: 3
 Concurrent Refinement Workers: 10
 Periodic GC: Disabled

Heap:
 garbage-first heap   total reserved 4118528K, committed 34816K, used 7820K [0x0000000704a00000, 0x0000000800000000)
  region size 2048K, 4 young (8192K), 3 survivors (6144K)
 Metaspace       used 21351K, committed 21632K, reserved 1114112K
  class space    used 2053K, committed 2176K, reserved 1048576K

Heap Regions: E=young(eden), S=young(survivor), O=old, HS=humongous(starts), HC=humongous(continues), CS=collection set, F=free, TAMS=top-at-mark-start, PB=parsable bottom
|   0|0x0000000704a00000, 0x0000000704a86ec8, 0x0000000704c00000| 26%| O|  |TAMS 0x0000000704a00000| PB 0x0000000704a00000| Untracked |  0
|   1|0x0000000704c00000, 0x0000000704c00000, 0x0000000704e00000|  0%| F|  |TAMS 0x0000000704c00000| PB 0x0000000704c00000| Untracked |  0
|   2|0x0000000704e00000, 0x0000000704e00000, 0x0000000705000000|  0%| F|  |TAMS 0x0000000704e00000| PB 0x0000000704e00000| Untracked |  0
|   3|0x0000000705000000, 0x0000000705000000, 0x0000000705200000|  0%| F|  |TAMS 0x0000000705000000| PB 0x0000000705000000| Untracked |  0
|   4|0x0000000705200000, 0x0000000705200000, 0x0000000705400000|  0%| F|  |TAMS 0x0000000705200000| PB 0x0000000705200000| Untracked |  0
|   5|0x0000000705400000, 0x0000000705400000, 0x0000000705600000|  0%| F|  |TAMS 0x0000000705400000| PB 0x0000000705400000| Untracked |  0
|   6|0x0000000705600000, 0x0000000705600000, 0x0000000705800000|  0%| F|  |TAMS 0x0000000705600000| PB 0x0000000705600000| Untracked |  0
|   7|0x0000000705800000, 0x0000000705800000, 0x0000000705a00000|  0%| F|  |TAMS 0x0000000705800000| PB 0x0000000705800000| Untracked |  0
|   8|0x0000000705a00000, 0x0000000705a00000, 0x0000000705c00000|  0%| F|  |TAMS 0x0000000705a00000| PB 0x0000000705a00000| Untracked |  0
|   9|0x0000000705c00000, 0x0000000705c00000, 0x0000000705e00000|  0%| F|  |TAMS 0x0000000705c00000| PB 0x0000000705c00000| Untracked |  0
|  10|0x0000000705e00000, 0x0000000705e00000, 0x0000000706000000|  0%| F|  |TAMS 0x0000000705e00000| PB 0x0000000705e00000| Untracked |  0
|  11|0x0000000706000000, 0x0000000706000000, 0x0000000706200000|  0%| F|  |TAMS 0x0000000706000000| PB 0x0000000706000000| Untracked |  0
| 100|0x0000000711200000, 0x0000000711400000, 0x0000000711400000|100%| S|CS|TAMS 0x0000000711200000| PB 0x0000000711200000| Complete |  0
| 101|0x0000000711400000, 0x0000000711600000, 0x0000000711600000|100%| S|CS|TAMS 0x0000000711400000| PB 0x0000000711400000| Complete |  0
| 102|0x0000000711600000, 0x0000000711800000, 0x0000000711800000|100%| S|CS|TAMS 0x0000000711600000| PB 0x0000000711600000| Complete |  0
| 125|0x0000000714400000, 0x0000000714600000, 0x0000000714600000|100%| E|  |TAMS 0x0000000714400000| PB 0x0000000714400000| Complete |  0
|2010|0x00000007ffe00000, 0x00000007fff1c288, 0x0000000800000000| 55%| O|Cm|TAMS 0x00000007ffe00000| PB 0x00000007ffe00000| Complete |  0

Card table byte_map: [0x000001ccfde20000,0x000001ccfe600000] _byte_map_base: 0x000001ccfa5fb000

Marking Bits: (CMBitMap*) 0x000001ccfad1e450
 Bits: [0x000001cc977e0000, 0x000001cc9b6b8000)

Polling page: 0x000001ccfb190000

Metaspace:

Usage:
  Non-class:     18.85 MB used.
      Class:      2.01 MB used.
       Both:     20.85 MB used.

Virtual space:
  Non-class space:       64.00 MB reserved,      19.00 MB ( 30%) committed,  1 nodes.
      Class space:        1.00 GB reserved,       2.12 MB ( <1%) committed,  1 nodes.
             Both:        1.06 GB reserved,      21.12 MB (  2%) committed. 

Chunk freelists:
   Non-Class:  12.89 MB
       Class:  13.72 MB
        Both:  26.61 MB

MaxMetaspaceSize: unlimited
CompressedClassSpaceSize: 1.00 GB
Initial GC threshold: 21.00 MB
Current GC threshold: 35.12 MB
CDS: on
 - commit_granule_bytes: 65536.
 - commit_granule_words: 8192.
 - virtual_space_node_default_size: 8388608.
 - enlarge_chunks_in_place: 1.
UseCompressedClassPointers 1, UseCompactObjectHeaders 0
Narrow klass pointer bits 32, Max shift 3
Narrow klass base: 0x000001cc9e000000, Narrow klass shift: 0
Encoding Range: [0x000001cc9e000000 - 0x000001cd9e000000), (4294967296 bytes)
Klass Range:    [0x000001cc9e000000 - 0x000001ccdf000000), (1090519040 bytes)
Klass ID Range:  [8 - 1090519033) (1090519025)


Internal statistics:

num_allocs_failed_limit: 3.
num_arena_births: 264.
num_arena_deaths: 0.
num_vsnodes_births: 2.
num_vsnodes_deaths: 0.
num_space_committed: 338.
num_space_uncommitted: 0.
num_chunks_returned_to_freelist: 3.
num_chunks_taken_from_freelist: 520.
num_chunk_merges: 0.
num_chunk_splits: 298.
num_chunks_enlarged: 180.
num_inconsistent_stats: 0.

CodeHeap 'non-profiled nmethods': size=120064Kb used=789Kb max_used=789Kb free=119274Kb
 bounds [0x000001cc902a0000, 0x000001cc90510000, 0x000001cc977e0000]
CodeHeap 'profiled nmethods': size=120000Kb used=3707Kb max_used=3707Kb free=116292Kb
 bounds [0x000001cc887e0000, 0x000001cc88b80000, 0x000001cc8fd10000]
CodeHeap 'non-nmethods': size=5696Kb used=1572Kb max_used=1595Kb free=4123Kb
 bounds [0x000001cc8fd10000, 0x000001cc8ff80000, 0x000001cc902a0000]
CodeCache: size=245760Kb, used=6068Kb, max_used=6091Kb, free=239689Kb
 total_blobs=3125, nmethods=2391, adapters=638, full_count=0
Compilation: enabled, stopped_count=0, restarted_count=0

Compilation events (20 events):
Event: 0.964 Thread 0x000001cc9d6f10a0 nmethod 2318 0x000001cc88b63088 code [0x000001cc88b631c0, 0x000001cc88b63450]
Event: 0.965 Thread 0x000001cc9d6f10a0 2319   !   3       java.lang.Class::desiredAssertionStatus (54 bytes)
Event: 0.965 Thread 0x000001cc9d6f10a0 nmethod 2319 0x000001cc88b63488 code [0x000001cc88b63600, 0x000001cc88b63c40]
Event: 0.965 Thread 0x000001cc9d6f10a0 2320       3       java.nio.Buffer::nextGetIndex (30 bytes)
Event: 0.965 Thread 0x000001cc9d6f10a0 nmethod 2320 0x000001cc88b63c88 code [0x000001cc88b63da0, 0x000001cc88b63f68]
Event: 0.966 Thread 0x000001ccff326e60 nmethod 2317 0x000001cc9035f888 code [0x000001cc9035f9e0, 0x000001cc9035fd58]
Event: 0.966 Thread 0x000001ccff326e60 2321       4       java.util.HashMap::put (13 bytes)
Event: 0.966 Thread 0x000001cc9d6f10a0 2322   !   3       jdk.internal.misc.ScopedMemoryAccess::getShortUnaligned (18 bytes)
Event: 0.967 Thread 0x000001cc9d6f10a0 nmethod 2322 0x000001cc88b63f88 code [0x000001cc88b64120, 0x000001cc88b64a20]
Event: 0.967 Thread 0x000001cc9d6f10a0 2323   !   3       jdk.internal.misc.ScopedMemoryAccess::getShortUnalignedInternal (36 bytes)
Event: 0.967 Thread 0x000001cc9d6f10a0 nmethod 2323 0x000001cc88b64a88 code [0x000001cc88b64be0, 0x000001cc88b650f8]
Event: 0.967 Thread 0x000001cc9d6f10a0 2324       3       java.nio.ByteBufferAsShortBufferB::get (30 bytes)
Event: 0.968 Thread 0x000001cc9d6f10a0 nmethod 2324 0x000001cc88b65188 code [0x000001cc88b65380, 0x000001cc88b662e0]
Event: 0.968 Thread 0x000001cc9d6f10a0 2325       3       java.lang.Thread::isVirtual (5 bytes)
Event: 0.968 Thread 0x000001cc9d6f10a0 nmethod 2325 0x000001cc88b66388 code [0x000001cc88b664a0, 0x000001cc88b66680]
Event: 0.969 Thread 0x000001cc9d6f10a0 2326   !   3       jdk.internal.misc.ScopedMemoryAccess::getCharUnaligned (18 bytes)
Event: 0.970 Thread 0x000001cc9d6f10a0 nmethod 2326 0x000001cc88b66708 code [0x000001cc88b668a0, 0x000001cc88b67170]
Event: 0.970 Thread 0x000001cc9d6f10a0 2327   !   3       jdk.internal.misc.ScopedMemoryAccess::getCharUnalignedInternal (36 bytes)
Event: 0.970 Thread 0x000001cc9d6f10a0 nmethod 2327 0x000001cc88b67208 code [0x000001cc88b67360, 0x000001cc88b67858]
Event: 0.970 Thread 0x000001cc9d6f10a0 2328       3       java.nio.ByteBufferAsCharBufferB::get (30 bytes)

GC Heap History (0 events):
No events

Dll operation events (16 events):
Event: 0.006 Loaded shared library C:\Users\Acer\.jdks\openjdk-24.0.1\bin\java.dll
Event: 0.026 Loaded shared library C:\Users\Acer\.jdks\openjdk-24.0.1\bin\jsvml.dll
Event: 0.054 Loaded shared library C:\Users\Acer\.jdks\openjdk-24.0.1\bin\zip.dll
Event: 0.056 Loaded shared library C:\Users\Acer\.jdks\openjdk-24.0.1\bin\instrument.dll
Event: 0.059 Loaded shared library C:\Users\Acer\.jdks\openjdk-24.0.1\bin\net.dll
Event: 0.062 Loaded shared library C:\Users\Acer\.jdks\openjdk-24.0.1\bin\nio.dll
Event: 0.068 Loaded shared library C:\Users\Acer\.jdks\openjdk-24.0.1\bin\zip.dll
Event: 0.083 Loaded shared library D:\IntelliJ IDEA 2024.3.2.2\bin\breakgen64.dll
Event: 0.094 Loaded shared library C:\Users\Acer\.jdks\openjdk-24.0.1\bin\jimage.dll
Event: 0.095 Loaded shared library C:\Users\Acer\.jdks\openjdk-24.0.1\bin\extnet.dll
Event: 0.100 Loaded shared library C:\Users\Acer\.jdks\openjdk-24.0.1\bin\awt.dll
Event: 0.166 Loaded shared library C:\Users\Acer\.jdks\openjdk-24.0.1\bin\management.dll
Event: 0.175 Loaded shared library C:\Users\Acer\.jdks\openjdk-24.0.1\bin\management_ext.dll
Event: 0.623 Loaded shared library C:\Users\Acer\.jdks\openjdk-24.0.1\bin\sunmscapi.dll
Event: 0.938 Loaded shared library C:\Users\Acer\.jdks\openjdk-24.0.1\bin\freetype.dll
Event: 0.938 Loaded shared library C:\Users\Acer\.jdks\openjdk-24.0.1\bin\fontmanager.dll

Deoptimization events (20 events):
Event: 0.911 Thread 0x000001cce305fc70 DEOPT PACKING pc=0x000001cc903576a0 sp=0x000000264f3fd6c0
Event: 0.911 Thread 0x000001cce305fc70 DEOPT UNPACKING pc=0x000001cc8fe28602 sp=0x000000264f3fd638 mode 2
Event: 0.912 Thread 0x000001cce305fc70 DEOPT PACKING pc=0x000001cc88a84d85 sp=0x000000264f3fde00
Event: 0.912 Thread 0x000001cce305fc70 DEOPT UNPACKING pc=0x000001cc8fd65722 sp=0x000000264f3fd230 mode 0
Event: 0.914 Thread 0x000001cce305fc70 Uncommon trap: trap_request=0xffffff4d fr.pc=0x000001cc903511fc relative=0x000000000000037c
Event: 0.914 Thread 0x000001cce305fc70 Uncommon trap: reason=unstable_if action=reinterpret pc=0x000001cc903511fc method=sun.util.locale.BaseLocale.hashCode()I @ 159 c2
Event: 0.914 Thread 0x000001cce305fc70 DEOPT PACKING pc=0x000001cc903511fc sp=0x000000264f3fe970
Event: 0.914 Thread 0x000001cce305fc70 DEOPT UNPACKING pc=0x000001cc8fe28602 sp=0x000000264f3fe900 mode 2
Event: 0.916 Thread 0x000001cce305fc70 Uncommon trap: trap_request=0xffffff4d fr.pc=0x000001cc902daf50 relative=0x0000000000000050
Event: 0.916 Thread 0x000001cce305fc70 Uncommon trap: reason=unstable_if action=reinterpret pc=0x000001cc902daf50 method=java.lang.CharacterData.of(I)Ljava/lang/CharacterData; @ 4 c2
Event: 0.916 Thread 0x000001cce305fc70 DEOPT PACKING pc=0x000001cc902daf50 sp=0x000000264f3fec30
Event: 0.916 Thread 0x000001cce305fc70 DEOPT UNPACKING pc=0x000001cc8fe28602 sp=0x000000264f3febd0 mode 2
Event: 0.923 Thread 0x000001cce305fc70 Uncommon trap: trap_request=0xffffff4d fr.pc=0x000001cc90321b74 relative=0x0000000000000c94
Event: 0.923 Thread 0x000001cce305fc70 Uncommon trap: reason=unstable_if action=reinterpret pc=0x000001cc90321b74 method=java.util.concurrent.ConcurrentHashMap.putVal(Ljava/lang/Object;Ljava/lang/Object;Z)Ljava/lang/Object; @ 231 c2
Event: 0.923 Thread 0x000001cce305fc70 DEOPT PACKING pc=0x000001cc90321b74 sp=0x000000264f3fe2d0
Event: 0.923 Thread 0x000001cce305fc70 DEOPT UNPACKING pc=0x000001cc8fe28602 sp=0x000000264f3fe230 mode 2
Event: 0.957 Thread 0x000001cce305fc70 Uncommon trap: trap_request=0xffffff4d fr.pc=0x000001cc902fffe4 relative=0x0000000000000344
Event: 0.957 Thread 0x000001cce305fc70 Uncommon trap: reason=unstable_if action=reinterpret pc=0x000001cc902fffe4 method=java.lang.StringUTF16.compress([CII)[B @ 17 c2
Event: 0.957 Thread 0x000001cce305fc70 DEOPT PACKING pc=0x000001cc902fffe4 sp=0x000000264f3fe310
Event: 0.957 Thread 0x000001cce305fc70 DEOPT UNPACKING pc=0x000001cc8fe28602 sp=0x000000264f3fe1c8 mode 2

Classes loaded (20 events):
Event: 0.966 Loading class sun/nio/cs/UTF_16$Decoder
Event: 0.966 Loading class sun/nio/cs/UnicodeDecoder
Event: 0.966 Loading class sun/nio/cs/UnicodeDecoder done
Event: 0.966 Loading class sun/nio/cs/UTF_16$Decoder done
Event: 0.966 Loading class sun/font/FileFontStrike
Event: 0.967 Loading class sun/font/FileFontStrike done
Event: 0.967 Loading class sun/font/FontScaler
Event: 0.967 Loading class sun/font/FontScaler done
Event: 0.967 Loading class sun/font/FreetypeFontScaler
Event: 0.967 Loading class sun/font/FreetypeFontScaler done
Event: 0.968 Loading class sun/font/TrueTypeGlyphMapper
Event: 0.968 Loading class sun/font/TrueTypeGlyphMapper done
Event: 0.968 Loading class sun/font/CMap
Event: 0.969 Loading class sun/font/CMap done
Event: 0.969 Loading class sun/font/CMap$NullCMapClass
Event: 0.969 Loading class sun/font/CMap$NullCMapClass done
Event: 0.969 Loading class sun/font/CMap$CMapFormat4
Event: 0.969 Loading class sun/font/CMap$CMapFormat4 done
Event: 0.969 Loading class java/nio/ByteBufferAsCharBufferB
Event: 0.969 Loading class java/nio/ByteBufferAsCharBufferB done

Classes unloaded (0 events):
No events

Classes redefined (0 events):
No events

Internal exceptions (20 events):
Event: 0.471 Thread 0x000001cce37fe380 Exception <a 'java/lang/NoSuchMethodError'{0x0000000712783b58}: 'double java.lang.invoke.DelegatingMethodHandle$Holder.reinvoke_L(java.lang.Object, java.lang.Object)'> (0x0000000712783b58) 
thrown [s\open\src\hotspot\share\interpreter\linkResolver.cpp, line 805]
Event: 0.556 Thread 0x000001cce305fc70 Exception <a 'java/lang/NoSuchMethodError'{0x00000007123e2808}: 'void java.lang.invoke.DirectMethodHandle$Holder.invokeStaticInit(java.lang.Object, java.lang.Object)'> (0x00000007123e2808) 
thrown [s\open\src\hotspot\share\interpreter\linkResolver.cpp, line 805]
Event: 0.580 Thread 0x000001cce305fc70 Exception <a 'sun/nio/fs/WindowsException'{0x00000007120e8758}> (0x00000007120e8758) 
thrown [s\open\src\hotspot\share\prims\jni.cpp, line 518]
Event: 0.736 Thread 0x000001cce305fc70 Exception <a 'java/lang/NoSuchMethodError'{0x0000000711eab0f8}: 'void java.lang.invoke.DirectMethodHandle$Holder.invokeVirtual(java.lang.Object, java.lang.Object)'> (0x0000000711eab0f8) 
thrown [s\open\src\hotspot\share\interpreter\linkResolver.cpp, line 805]
Event: 0.784 Thread 0x000001cce305fc70 Exception <a 'java/lang/NoSuchMethodError'{0x0000000711f75498}: 'java.lang.Object java.lang.invoke.Invokers$Holder.invoke_MT(java.lang.Object, java.lang.Object, java.lang.Object, java.lang.Object, java.lang.Object, java.lang.Object)'> (0x0000000711f75498) 
thrown [s\open\src\hotspot\share\interpreter\linkResolver.cpp, line 805]
Event: 0.785 Thread 0x000001cce305fc70 Exception <a 'java/lang/NoSuchMethodError'{0x0000000711f7e168}: 'java.lang.Object java.lang.invoke.DirectMethodHandle$Holder.invokeStatic(java.lang.Object, java.lang.Object, int)'> (0x0000000711f7e168) 
thrown [s\open\src\hotspot\share\interpreter\linkResolver.cpp, line 805]
Event: 0.787 Thread 0x000001cce305fc70 Exception <a 'java/lang/NoSuchMethodError'{0x0000000711f9f6a0}: 'void java.lang.invoke.DelegatingMethodHandle$Holder.delegate(java.lang.Object, java.lang.Object, int, java.lang.Object)'> (0x0000000711f9f6a0) 
thrown [s\open\src\hotspot\share\interpreter\linkResolver.cpp, line 805]
Event: 0.788 Thread 0x000001cce37fe380 Exception <a 'java/lang/NoSuchMethodError'{0x00000007127ab700}: 'long java.lang.invoke.DirectMethodHandle$Holder.invokeVirtual(java.lang.Object, java.lang.Object)'> (0x00000007127ab700) 
thrown [s\open\src\hotspot\share\interpreter\linkResolver.cpp, line 805]
Event: 0.788 Thread 0x000001cce37fe380 Exception <a 'java/lang/NoSuchMethodError'{0x00000007127bb9b0}: 'long java.lang.invoke.DelegatingMethodHandle$Holder.reinvoke_L(java.lang.Object, java.lang.Object)'> (0x00000007127bb9b0) 
thrown [s\open\src\hotspot\share\interpreter\linkResolver.cpp, line 805]
Event: 0.809 Thread 0x000001cce305fc70 Exception <a 'java/lang/NoSuchMethodError'{0x0000000711ca50a8}: 'void java.lang.invoke.DirectMethodHandle$Holder.invokeStatic(java.lang.Object, java.lang.Object, java.lang.Object, java.lang.Object)'> (0x0000000711ca50a8) 
thrown [s\open\src\hotspot\share\interpreter\linkResolver.cpp, line 805]
Event: 0.824 Thread 0x000001cce305fc70 Exception <a 'java/lang/NoSuchMethodError'{0x0000000711d45758}: 'void java.lang.invoke.DirectMethodHandle$Holder.invokeInterface(java.lang.Object, java.lang.Object, java.lang.Object, java.lang.Object)'> (0x0000000711d45758) 
thrown [s\open\src\hotspot\share\interpreter\linkResolver.cpp, line 805]
Event: 0.860 Thread 0x000001cce305fc70 Implicit null exception at 0x000001cc90345794 to 0x000001cc90345d64
Event: 0.862 Thread 0x000001cce305fc70 Exception <a 'java/io/IOException'{0x0000000711b00618}> (0x0000000711b00618) 
thrown [s\open\src\hotspot\share\prims\jni.cpp, line 518]
Event: 0.863 Thread 0x000001cce305fc70 Exception <a 'java/lang/NoSuchMethodError'{0x0000000711b03650}: 'void java.lang.invoke.DirectMethodHandle$Holder.invokeInterface(java.lang.Object, java.lang.Object)'> (0x0000000711b03650) 
thrown [s\open\src\hotspot\share\interpreter\linkResolver.cpp, line 805]
Event: 0.885 Thread 0x000001cce305fc70 Implicit null exception at 0x000001cc90346110 to 0x000001cc903466d0
Event: 0.945 Thread 0x000001cce305fc70 Exception <a 'java/lang/NoSuchMethodError'{0x00000007118e2828}: 'long java.lang.invoke.DirectMethodHandle$Holder.invokeStaticInit(java.lang.Object, long, long, long, long)'> (0x00000007118e2828) 
thrown [s\open\src\hotspot\share\interpreter\linkResolver.cpp, line 805]
Event: 0.945 Thread 0x000001cce305fc70 Exception <a 'java/lang/NoSuchMethodError'{0x00000007118eb230}: 'java.lang.Object java.lang.invoke.DirectMethodHandle$Holder.invokeInterface(java.lang.Object, java.lang.Object, long, long)'> (0x00000007118eb230) 
thrown [s\open\src\hotspot\share\interpreter\linkResolver.cpp, line 805]
Event: 0.946 Thread 0x000001cce305fc70 Exception <a 'java/lang/NoSuchMethodError'{0x0000000711905a18}: 'void java.lang.invoke.DirectMethodHandle$Holder.invokeStaticInit(java.lang.Object, java.lang.Object, long, java.lang.Object)'> (0x0000000711905a18) 
thrown [s\open\src\hotspot\share\interpreter\linkResolver.cpp, line 805]
Event: 0.947 Thread 0x000001cce305fc70 Exception <a 'java/lang/NoSuchMethodError'{0x000000071190e188}: 'long java.lang.invoke.DirectMethodHandle$Holder.invokeStatic(java.lang.Object, long, long)'> (0x000000071190e188) 
thrown [s\open\src\hotspot\share\interpreter\linkResolver.cpp, line 805]
Event: 0.950 Thread 0x000001cce305fc70 Exception <a 'java/lang/NoSuchMethodError'{0x0000000711936d50}: 'java.lang.Object java.lang.invoke.DirectMethodHandle$Holder.newInvokeSpecial(java.lang.Object, int, java.lang.Object)'> (0x0000000711936d50) 
thrown [s\open\src\hotspot\share\interpreter\linkResolver.cpp, line 805]

VM Operations (20 events):
Event: 0.280 Executing VM operation: HandshakeAllThreads (Deoptimize)
Event: 0.280 Executing VM operation: HandshakeAllThreads (Deoptimize) done
Event: 0.340 Executing VM operation: HandshakeAllThreads (Deoptimize)
Event: 0.340 Executing VM operation: HandshakeAllThreads (Deoptimize) done
Event: 0.348 Executing VM operation: HandshakeAllThreads (Deoptimize)
Event: 0.348 Executing VM operation: HandshakeAllThreads (Deoptimize) done
Event: 0.348 Executing VM operation: HandshakeAllThreads (Deoptimize)
Event: 0.348 Executing VM operation: HandshakeAllThreads (Deoptimize) done
Event: 0.445 Executing VM operation: HandshakeAllThreads (Deoptimize)
Event: 0.445 Executing VM operation: HandshakeAllThreads (Deoptimize) done
Event: 0.571 Executing VM operation: HandshakeAllThreads (Deoptimize)
Event: 0.571 Executing VM operation: HandshakeAllThreads (Deoptimize) done
Event: 0.581 Executing VM operation: HandshakeAllThreads (Deoptimize)
Event: 0.581 Executing VM operation: HandshakeAllThreads (Deoptimize) done
Event: 0.916 Executing VM operation: HandshakeAllThreads (Deoptimize)
Event: 0.917 Executing VM operation: HandshakeAllThreads (Deoptimize) done
Event: 0.949 Executing VM operation: HandshakeAllThreads (Deoptimize)
Event: 0.949 Executing VM operation: HandshakeAllThreads (Deoptimize) done
Event: 0.965 Executing VM operation: HandshakeAllThreads (Deoptimize)
Event: 0.965 Executing VM operation: HandshakeAllThreads (Deoptimize) done

Memory protections (0 events):
No events

Nmethod flushes (0 events):
No events

Events (20 events):
Event: 0.024 Thread 0x000001ccfcf111c0 Thread added: 0x000001ccff32d570
Event: 0.024 Thread 0x000001ccfcf111c0 Thread added: 0x000001ccff3260a0
Event: 0.024 Thread 0x000001ccfcf111c0 Thread added: 0x000001ccff326e60
Event: 0.024 Thread 0x000001ccfcf111c0 Thread added: 0x000001cc9d6f10a0
Event: 0.058 Thread 0x000001ccfcf111c0 Thread added: 0x000001cc9d8ef100
Event: 0.084 Thread 0x000001ccfcf111c0 Thread added: 0x000001cc9d944ed0
Event: 0.084 Thread 0x000001ccfcf111c0 Thread added: 0x000001cc9d945610
Event: 0.133 Thread 0x000001cc9d6f10a0 Thread added: 0x000001cc9d979100
Event: 0.133 Thread 0x000001cc9d6f10a0 Thread added: 0x000001cc9d97a020
Event: 0.157 Thread 0x000001ccfcf111c0 Thread added: 0x000001cce3397670
Event: 0.158 Thread 0x000001ccfcf111c0 Thread added: 0x000001cce3398230
Event: 0.159 Thread 0x000001ccfcf111c0 Thread added: 0x000001cc9d9705e0
Event: 0.172 Thread 0x000001ccfcf111c0 Thread added: 0x000001cce305fc70
Event: 0.173 Thread 0x000001ccfcf111c0 Thread exited: 0x000001ccfcf111c0
Event: 0.173 Thread 0x000001ccfcf111c0 Thread added: 0x000001ccfcf111c0
Event: 0.340 Thread 0x000001cce305fc70 Thread added: 0x000001cce41b6390
Event: 0.406 Thread 0x000001ccff327e10 Thread added: 0x000001cce354f560
Event: 0.420 Thread 0x000001cce354f560 Thread added: 0x000001cce37fe380
Event: 0.441 Thread 0x000001cce37fe380 Thread added: 0x000001cce3525330
Event: 0.444 Thread 0x000001cce37fe380 Thread added: 0x000001cce35261d0


Dynamic libraries:
0x00007ff6f3ab0000 - 0x00007ff6f3abe000 	C:\Users\Acer\.jdks\openjdk-24.0.1\bin\java.exe
0x00007ffbcb760000 - 0x00007ffbcb9c7000 	C:\WINDOWS\SYSTEM32\ntdll.dll
0x00007ffbca090000 - 0x00007ffbca159000 	C:\WINDOWS\System32\KERNEL32.DLL
0x00007ffbc88b0000 - 0x00007ffbc8c9f000 	C:\WINDOWS\System32\KERNELBASE.dll
0x00007ffbc8ce0000 - 0x00007ffbc8e2b000 	C:\WINDOWS\System32\ucrtbase.dll
0x00007ffbb5900000 - 0x00007ffbb5916000 	C:\Users\Acer\.jdks\openjdk-24.0.1\bin\jli.dll
0x00007ffbb65b0000 - 0x00007ffbb65cb000 	C:\Users\Acer\.jdks\openjdk-24.0.1\bin\VCRUNTIME140.dll
0x00007ffbcac90000 - 0x00007ffbcae55000 	C:\WINDOWS\System32\USER32.dll
0x00007ffbac080000 - 0x00007ffbac313000 	C:\WINDOWS\WinSxS\amd64_microsoft.windows.common-controls_6595b64144ccf1df_6.0.26100.7309_none_3e05feeae336a044\COMCTL32.dll
0x00007ffbc8cb0000 - 0x00007ffbc8cd7000 	C:\WINDOWS\System32\win32u.dll
0x00007ffbcb570000 - 0x00007ffbcb619000 	C:\WINDOWS\System32\msvcrt.dll
0x00007ffbc99f0000 - 0x00007ffbc9a1b000 	C:\WINDOWS\System32\GDI32.dll
0x00007ffbc93d0000 - 0x00007ffbc94fc000 	C:\WINDOWS\System32\gdi32full.dll
0x00007ffbc9270000 - 0x00007ffbc9313000 	C:\WINDOWS\System32\msvcp_win.dll
0x00007ffbc9990000 - 0x00007ffbc99c1000 	C:\WINDOWS\System32\IMM32.DLL
0x00007ffbba420000 - 0x00007ffbba42c000 	C:\Users\Acer\.jdks\openjdk-24.0.1\bin\vcruntime140_1.dll
0x00007ffae33a0000 - 0x00007ffae342e000 	C:\Users\Acer\.jdks\openjdk-24.0.1\bin\msvcp140.dll
0x00007ffab0f30000 - 0x00007ffab1cd2000 	C:\Users\Acer\.jdks\openjdk-24.0.1\bin\server\jvm.dll
0x00007ffbcb030000 - 0x00007ffbcb0e4000 	C:\WINDOWS\System32\ADVAPI32.dll
0x00007ffbcabe0000 - 0x00007ffbcac86000 	C:\WINDOWS\System32\sechost.dll
0x00007ffbca360000 - 0x00007ffbca478000 	C:\WINDOWS\System32\RPCRT4.dll
0x00007ffbcb6a0000 - 0x00007ffbcb714000 	C:\WINDOWS\System32\WS2_32.dll
0x00007ffbc8710000 - 0x00007ffbc876e000 	C:\WINDOWS\SYSTEM32\POWRPROF.dll
0x00007ffbc0600000 - 0x00007ffbc0635000 	C:\WINDOWS\SYSTEM32\WINMM.dll
0x00007ffbabf00000 - 0x00007ffbabf0b000 	C:\WINDOWS\SYSTEM32\VERSION.dll
0x00007ffbc86f0000 - 0x00007ffbc8704000 	C:\WINDOWS\SYSTEM32\UMPDC.dll
0x00007ffbc7660000 - 0x00007ffbc767b000 	C:\WINDOWS\SYSTEM32\kernel.appcore.dll
0x00007ffbb58f0000 - 0x00007ffbb58fa000 	C:\Users\Acer\.jdks\openjdk-24.0.1\bin\jimage.dll
0x00007ffbc5a20000 - 0x00007ffbc5c62000 	C:\WINDOWS\SYSTEM32\DBGHELP.DLL
0x00007ffbcb1d0000 - 0x00007ffbcb555000 	C:\WINDOWS\System32\combase.dll
0x00007ffbc9d10000 - 0x00007ffbc9de6000 	C:\WINDOWS\System32\OLEAUT32.dll
0x00007ffb9b5a0000 - 0x00007ffb9b5dc000 	C:\WINDOWS\SYSTEM32\dbgcore.DLL
0x00007ffbc9320000 - 0x00007ffbc93c5000 	C:\WINDOWS\System32\bcryptPrimitives.dll
0x00007ffbb58e0000 - 0x00007ffbb58ef000 	C:\Users\Acer\.jdks\openjdk-24.0.1\bin\instrument.dll
0x00007ffb77e00000 - 0x00007ffb77e1e000 	C:\Users\Acer\.jdks\openjdk-24.0.1\bin\java.dll
0x00007ffbc9ef0000 - 0x00007ffbca087000 	C:\WINDOWS\System32\ole32.dll
0x00007ffbca480000 - 0x00007ffbcabd3000 	C:\WINDOWS\System32\SHELL32.dll
0x00007ffbc8ef0000 - 0x00007ffbc905a000 	C:\WINDOWS\System32\wintypes.dll
0x00007ffbc64b0000 - 0x00007ffbc6d0e000 	C:\WINDOWS\SYSTEM32\windows.storage.dll
0x00007ffbcaf30000 - 0x00007ffbcb025000 	C:\WINDOWS\System32\SHCORE.dll
0x00007ffbc9df0000 - 0x00007ffbc9e56000 	C:\WINDOWS\System32\shlwapi.dll
0x00007ffbc87d0000 - 0x00007ffbc87f9000 	C:\WINDOWS\SYSTEM32\profapi.dll
0x00007ffae2c80000 - 0x00007ffae2d57000 	C:\Users\Acer\.jdks\openjdk-24.0.1\bin\jsvml.dll
0x00007ffb12920000 - 0x00007ffb12937000 	C:\Users\Acer\.jdks\openjdk-24.0.1\bin\zip.dll
0x00007ffb77c90000 - 0x00007ffb77ca0000 	C:\Users\Acer\.jdks\openjdk-24.0.1\bin\net.dll
0x00007ffbc7bd0000 - 0x00007ffbc7c3b000 	C:\WINDOWS\system32\mswsock.dll
0x00007ffaf9840000 - 0x00007ffaf9856000 	C:\Users\Acer\.jdks\openjdk-24.0.1\bin\nio.dll
0x00007ffaf9730000 - 0x00007ffaf974a000 	D:\IntelliJ IDEA 2024.3.2.2\bin\breakgen64.dll
0x00007ffb71cc0000 - 0x00007ffb71cc9000 	C:\Users\Acer\.jdks\openjdk-24.0.1\bin\extnet.dll
0x00007ffae2b00000 - 0x00007ffae2c7e000 	C:\Users\Acer\.jdks\openjdk-24.0.1\bin\awt.dll
0x00007ffbc5430000 - 0x00007ffbc54cf000 	C:\WINDOWS\SYSTEM32\apphelp.dll
0x00007ffbc71e0000 - 0x00007ffbc730c000 	C:\WINDOWS\SYSTEM32\DNSAPI.dll
0x00007ffbc71a0000 - 0x00007ffbc71d4000 	C:\WINDOWS\SYSTEM32\IPHLPAPI.DLL
0x00007ffbcaf20000 - 0x00007ffbcaf2a000 	C:\WINDOWS\System32\NSI.dll
0x00007ffbba900000 - 0x00007ffbba90b000 	C:\Windows\System32\rasadhlp.dll
0x00007ffbc2af0000 - 0x00007ffbc2b76000 	C:\WINDOWS\System32\fwpuclnt.dll
0x00007ffbc5660000 - 0x00007ffbc570b000 	C:\WINDOWS\system32\uxtheme.dll
0x00007ffbca170000 - 0x00007ffbca2ce000 	C:\WINDOWS\System32\MSCTF.dll
0x00007ffb52690000 - 0x00007ffb5269a000 	C:\Users\Acer\.jdks\openjdk-24.0.1\bin\management.dll
0x00007ffb4fa00000 - 0x00007ffb4fa0b000 	C:\Users\Acer\.jdks\openjdk-24.0.1\bin\management_ext.dll
0x00007ffbcb560000 - 0x00007ffbcb568000 	C:\WINDOWS\System32\PSAPI.DLL
0x00007ffbc58c0000 - 0x00007ffbc58f0000 	C:\WINDOWS\system32\DWMAPI.DLL
0x00007ffbaa610000 - 0x00007ffbaa720000 	C:\WINDOWS\system32\opengl32.dll
0x00007ffba9950000 - 0x00007ffba997d000 	C:\WINDOWS\SYSTEM32\GLU32.dll
0x00007ffbc5900000 - 0x00007ffbc5944000 	C:\WINDOWS\SYSTEM32\dxcore.dll
0x00007ffbc7e90000 - 0x00007ffbc7eab000 	C:\WINDOWS\SYSTEM32\CRYPTSP.dll
0x00007ffbc75c0000 - 0x00007ffbc75fa000 	C:\WINDOWS\system32\rsaenh.dll
0x00007ffbc7c80000 - 0x00007ffbc7cab000 	C:\WINDOWS\SYSTEM32\USERENV.dll
0x00007ffbc87a0000 - 0x00007ffbc87ca000 	C:\WINDOWS\SYSTEM32\bcrypt.dll
0x00007ffbc7eb0000 - 0x00007ffbc7ebc000 	C:\WINDOWS\SYSTEM32\CRYPTBASE.dll
0x00007ffb88ee0000 - 0x00007ffb88ef8000 	C:\WINDOWS\system32\napinsp.dll
0x00007ffb88ec0000 - 0x00007ffb88ed2000 	C:\WINDOWS\System32\winrnr.dll
0x00007ffb88e90000 - 0x00007ffb88eb2000 	C:\WINDOWS\system32\nlansp_c.dll
0x00007ffb88e70000 - 0x00007ffb88e86000 	C:\WINDOWS\system32\wshbth.dll
0x00007ffb95630000 - 0x00007ffb95686000 	C:\WINDOWS\SYSTEM32\pdh.dll
0x00007ffb4ec30000 - 0x00007ffb4ec3e000 	C:\Users\Acer\.jdks\openjdk-24.0.1\bin\sunmscapi.dll
0x00007ffbc9060000 - 0x00007ffbc91d7000 	C:\WINDOWS\System32\CRYPT32.dll
0x00007ffbc80b0000 - 0x00007ffbc80e0000 	C:\WINDOWS\SYSTEM32\ncrypt.dll
0x00007ffbc8060000 - 0x00007ffbc809f000 	C:\WINDOWS\SYSTEM32\NTASN1.dll
0x00007ffb8ede0000 - 0x00007ffb8edf2000 	C:\WINDOWS\System32\perfproc.dll
0x00007ffb8edc0000 - 0x00007ffb8edd1000 	C:\WINDOWS\System32\perfos.dll
0x00007ffbc6d40000 - 0x00007ffbc6d52000 	C:\WINDOWS\SYSTEM32\pfclient.dll
0x00007ffae3310000 - 0x00007ffae3397000 	C:\Users\Acer\.jdks\openjdk-24.0.1\bin\freetype.dll
0x00007ffae2a20000 - 0x00007ffae2af7000 	C:\Users\Acer\.jdks\openjdk-24.0.1\bin\fontmanager.dll

JVMTI agents:
D:\IntelliJ IDEA 2024.3.2.2\lib\idea_rt.jar path:C:\Users\Acer\.jdks\openjdk-24.0.1\bin\instrument.dll, loaded, initialized, instrumentlib options:53399:D:\IntelliJ IDEA 2024.3.2.2\bin

dbghelp: loaded successfully - version: 4.0.5 - missing functions: none
symbol engine: initialized successfully - sym options: 0x614 - pdb path: .;C:\Users\Acer\.jdks\openjdk-24.0.1\bin;C:\WINDOWS\SYSTEM32;C:\WINDOWS\WinSxS\amd64_microsoft.windows.common-controls_6595b64144ccf1df_6.0.26100.7309_none_3e05feeae336a044;C:\Users\Acer\.jdks\openjdk-24.0.1\bin\server;D:\IntelliJ IDEA 2024.3.2.2\bin

VM Arguments:
jvm_args: -javaagent:D:\IntelliJ IDEA 2024.3.2.2\lib\idea_rt.jar=53399:D:\IntelliJ IDEA 2024.3.2.2\bin -Dfile.encoding=UTF-8 -Dsun.stdout.encoding=UTF-8 -Dsun.stderr.encoding=UTF-8 
java_command: org.example.Main
java_class_path (initial): D:\JavaProject\TUBES_PP2_2025\target\classes;C:\Users\Acer\.m2\repository\com\mysql\mysql-connector-j\9.5.0\mysql-connector-j-9.5.0.jar;C:\Users\Acer\.m2\repository\com\google\protobuf\protobuf-java\4.31.1\protobuf-java-4.31.1.jar;C:\Users\Acer\.m2\repository\org\mindrot\jbcrypt\0.4\jbcrypt-0.4.jar
Launcher Type: SUN_STANDARD

[Global flags]
     intx CICompilerCount                          = 4                                         {product} {ergonomic}
     uint ConcGCThreads                            = 3                                         {product} {ergonomic}
     uint G1ConcRefinementThreads                  = 10                                        {product} {ergonomic}
   size_t G1HeapRegionSize                         = 2097152                                   {product} {ergonomic}
   size_t InitialHeapSize                          = 264241152                                 {product} {ergonomic}
   size_t MarkStackSize                            = 4194304                                   {product} {ergonomic}
   size_t MarkStackSizeMax                         = 536870912                                 {product} {ergonomic}
   size_t MaxHeapSize                              = 4217372672                                {product} {ergonomic}
   size_t MaxNewSize                               = 2529165312                                {product} {ergonomic}
   size_t MinHeapDeltaBytes                        = 2097152                                   {product} {ergonomic}
   size_t MinHeapSize                              = 8388608                                   {product} {ergonomic}
    uintx NonNMethodCodeHeapSize                   = 5832704                                {pd product} {ergonomic}
    uintx NonProfiledCodeHeapSize                  = 122945536                              {pd product} {ergonomic}
    uintx ProfiledCodeHeapSize                     = 122880000                              {pd product} {ergonomic}
    uintx ReservedCodeCacheSize                    = 251658240                              {pd product} {ergonomic}
     bool SegmentedCodeCache                       = true                                      {product} {ergonomic}
   size_t SoftMaxHeapSize                          = 4217372672                             {manageable} {ergonomic}
     bool UseCompressedOops                        = true                           {product lp64_product} {ergonomic}
     bool UseG1GC                                  = true                                      {product} {ergonomic}
     bool UseLargePagesIndividualAllocation        = false                                  {pd product} {ergonomic}

Logging:
Log output configuration:
 #0: stdout all=warning uptime,level,tags foldmultilines=false
 #1: stderr all=off uptime,level,tags foldmultilines=false

Environment Variables:
JAVA_HOME=C:\Program Files\Java\jdk-21
PATH=C:\Users\Acer\.config\herd\bin\php84;C:\Program Files\PlasticSCM5\client;C:\Program Files (x86)\NVIDIA Corporation\PhysX\Common;C:\Program Files\Common Files\Oracle\Java\javapath;C:\Program Files (x86)\Common Files\Intel\Shared Libraries\redist\intel64\compiler;C:\WINDOWS\system32;C:\WINDOWS;C:\WINDOWS\System32\Wbem;C:\WINDOWS\System32\WindowsPowerShell\v1.0\;C:\WINDOWS\System32\OpenSSH\;C:\Program Files\dotnet\C:\Program Files\Java\jdk-21\bin;C:\Program Files\Docker\Docker\resources\bin;C:\Program Files\Git\cmd;C:\Program Files (x86)\Microsoft SQL Server\160\Tools\Binn\;C:\Program Files\Microsoft SQL Server\160\Tools\Binn\;C:\Program Files\Microsoft SQL Server\Client SDK\ODBC\170\Tools\Binn\;C:\Program Files\Microsoft SQL Server\160\DTS\Binn\;C:\Program Files\dotnet\;C:\Program Files\Git LFS;C:\Users\Acer\.config\herd\bin\nvm;C:\Program Files\nodejs;C:\ProgramData\ComposerSetup\bin;C:\Program Files (x86)\cloudflared\;C:\Users\Acer\.config\herd\bin;C:\Users\Acer\AppData\Local\Yarn\config\global\node_modules\.bin;C:\Users\Acer\AppData\Roaming\Composer\vendor\bin;D:\laragon\bin;D:\laragon\bin\apache\httpd-2.4.54-win64-VS16\bin;D:\laragon\bin\composer;D:\laragon\bin\git\bin;D:\laragon\bin\git\cmd;D:\laragon\bin\git\mingw64\bin;D:\laragon\bin\git\usr\bin;D:\laragon\bin\laragon\utils;D:\laragon\bin\mysql\mysql-8.0.30-winx64\bin;D:\laragon\bin\nginx\nginx-1.22.0;D:\laragon\bin\ngrok;D:\laragon\bin\nodejs\node-v22.17.0-win-x64;D:\laragon\bin\notepad++;D:\laragon\bin\php\php-8.4.10-nts-Win32-vs17-x64;D:\laragon\bin\python\python-3.10;D:\laragon\bin\python\python-3.10\Scripts;D:\laragon\bin\redis\redis-x64-5.0.14.1;D:\laragon\bin\telnet;D:\laragon\usr\bin;C:\Users\Acer\AppData\Local\Microsoft\WindowsApps;C:\Users\Acer\AppData\Local\spicetify;C:\Users\Acer\AppData\Local\Microsoft\WinGet\Packages\Schniz.fnm_Microsoft.Winget.Source_8wekyb3d8bbwe;D:\IntelliJ IDEA 2024.3.2.2\bin;C:\Users\Acer\.dotnet\tools;C:\Users\Acer\AppData\Local\GitHubDesktop\bin;C:\Users\Acer\AppData\Local\Microsoft\WindowsApps;C:\Users\Acer\AppData\Local\Programs\Microsoft VS Code\bin;C:\Users\Acer\.aftman\bin;C:\Users\Acer\.rokit\bin
USERNAME=Acer
OS=Windows_NT
PROCESSOR_IDENTIFIER=Intel64 Family 6 Model 186 Stepping 3, GenuineIntel
TMP=C:\Users\Acer\AppData\Local\Temp
TEMP=C:\Users\Acer\AppData\Local\Temp




Periodic native trim disabled

---------------  S Y S T E M  ---------------

OS:
 Windows 11 , 64 bit Build 26100 (10.0.26100.7309)
OS uptime: 0 days 3:28 hours
Hyper-V role detected

CPU: total 12 (initial active 12) (6 cores per cpu, 2 threads per core) family 6 model 186 stepping 3 microcode 0x410e, cx8, cmov, fxsr, ht, mmx, 3dnowpref, sse, sse2, sse3, ssse3, sse4.1, sse4.2, popcnt, lzcnt, tsc, tscinvbit, avx, avx2, aes, erms, clmul, bmi1, bmi2, adx, sha, fma, vzeroupper, clflush, clflushopt, clwb, hv, serialize, rdtscp, rdpid, fsrm, gfni, f16c, cet_ibt, cet_ss
Processor Information for processor 0
  Max Mhz: 1300, Current Mhz: 1300, Mhz Limit: 1300
Processor Information for processor 1
  Max Mhz: 1300, Current Mhz: 1300, Mhz Limit: 1300
Processor Information for processor 2
  Max Mhz: 1300, Current Mhz: 1300, Mhz Limit: 1300
Processor Information for processor 3
  Max Mhz: 1300, Current Mhz: 1300, Mhz Limit: 1300
Processor Information for processor 4
  Max Mhz: 1300, Current Mhz: 900, Mhz Limit: 897
Processor Information for processor 5
  Max Mhz: 1300, Current Mhz: 900, Mhz Limit: 897
Processor Information for processor 6
  Max Mhz: 1300, Current Mhz: 900, Mhz Limit: 897
Processor Information for processor 7
  Max Mhz: 1300, Current Mhz: 900, Mhz Limit: 897
Processor Information for processor 8
  Max Mhz: 1300, Current Mhz: 900, Mhz Limit: 897
Processor Information for processor 9
  Max Mhz: 1300, Current Mhz: 900, Mhz Limit: 897
Processor Information for processor 10
  Max Mhz: 1300, Current Mhz: 900, Mhz Limit: 897
Processor Information for processor 11
  Max Mhz: 1300, Current Mhz: 900, Mhz Limit: 897

Memory: 4k page, system-wide physical 16087M (1212M free)
TotalPageFile size 22410M (AvailPageFile size 224M)
current process WorkingSet (physical memory assigned to process): 115M, peak: 149M
current process commit charge ("private bytes"): 174M, peak: 401M

vm_info: OpenJDK 64-Bit Server VM (24.0.1+9-30) for windows-amd64 JRE (24.0.1+9-30), built on 2025-03-05T07:23:45Z with MS VC++ 17.6 (VS2022)

END.
