#
# There is insufficient memory for the Java Runtime Environment to continue.
# Native memory allocation (malloc) failed to allocate 1145776 bytes. Error detail: Chunk::new
# Possible reasons:
#   The system is out of physical RAM or swap space
#   This process is running with CompressedOops enabled, and the Java Heap may be blocking the growth of the native heap
# Possible solutions:
#   Reduce memory load on the system
#   Increase physical memory or swap space
#   Check if swap backing store is full
#   Decrease Java heap size (-Xmx/-Xms)
#   Decrease number of Java threads
#   Decrease Java thread stack sizes (-Xss)
#   Set larger code cache with -XX:ReservedCodeCacheSize=
#   JVM is running with Zero Based Compressed Oops mode in which the Java heap is
#     placed in the first 32GB address space. The Java Heap base address is the
#     maximum limit for the native heap growth. Please use -XX:HeapBaseMinAddress
#     to set the Java Heap base and to place the Java Heap above 32GB virtual address.
# This output file may be truncated or incomplete.
#
#  Out of Memory Error (arena.cpp:162), pid=16136, tid=7688
#
# JRE version: OpenJDK Runtime Environment (24.0.1+9) (build 24.0.1+9-30)
# Java VM: OpenJDK 64-Bit Server VM (24.0.1+9-30, mixed mode, sharing, tiered, compressed oops, compressed class ptrs, g1 gc, windows-amd64)
# No core dump will be written. Minidumps are not enabled by default on client versions of Windows
#

---------------  S U M M A R Y ------------

Command Line: -javaagent:D:\IntelliJ IDEA 2024.3.2.2\lib\idea_rt.jar=63315:D:\IntelliJ IDEA 2024.3.2.2\bin -Dfile.encoding=UTF-8 -Dsun.stdout.encoding=UTF-8 -Dsun.stderr.encoding=UTF-8 org.example.Main

Host: 13th Gen Intel(R) Core(TM) i5-1335U, 12 cores, 15G,  Windows 11 , 64 bit Build 26100 (10.0.26100.7309)
Time: Thu Jan  1 05:21:19 2026 SE Asia Standard Time elapsed time: 1.251344 seconds (0d 0h 0m 1s)

---------------  T H R E A D  ---------------

Current thread (0x00000248c5011b40):  JavaThread "C2 CompilerThread0" daemon [_thread_in_native, id=7688, stack(0x00000062d7b00000,0x00000062d7c00000) (1024K)]


Current CompileTask:
C2:1251 2243       4       jdk.internal.classfile.impl.StackMapGenerator::processBlock (2767 bytes)

Stack: [0x00000062d7b00000,0x00000062d7c00000]
Native frames: (J=compiled Java code, j=interpreted, Vv=VM code, C=native code)
V  [jvm.dll+0x730739]  (no source info available)
V  [jvm.dll+0x8d9b23]  (no source info available)
V  [jvm.dll+0x8dc00d]  (no source info available)
V  [jvm.dll+0x8dc683]  (no source info available)
V  [jvm.dll+0x2aa086]  (no source info available)
V  [jvm.dll+0xcedef]  (no source info available)
V  [jvm.dll+0xcf04f]  (no source info available)
V  [jvm.dll+0x3f3702]  (no source info available)
V  [jvm.dll+0x3c0100]  (no source info available)
V  [jvm.dll+0x3bf58a]  (no source info available)
V  [jvm.dll+0x26f777]  (no source info available)
V  [jvm.dll+0x26ea3f]  (no source info available)
V  [jvm.dll+0x1e9d60]  (no source info available)
V  [jvm.dll+0x27e1fb]  (no source info available)
V  [jvm.dll+0x27c49a]  (no source info available)
V  [jvm.dll+0x42f456]  (no source info available)
V  [jvm.dll+0x87d76b]  (no source info available)
V  [jvm.dll+0x72ee55]  (no source info available)
C  [ucrtbase.dll+0x37b0]  (no source info available)
C  [KERNEL32.DLL+0x2e8d7]  (no source info available)
C  [ntdll.dll+0x8c53c]  (no source info available)

Lock stack of current Java thread (top to bottom):


---------------  P R O C E S S  ---------------

Threads class SMR info:
_java_thread_list=0x00000248c6ced1d0, length=23, elements={
0x00000248eddc93a0, 0x00000248eddccc00, 0x00000248eddcd730, 0x00000248eddce260,
0x00000248c5010080, 0x00000248c5010ce0, 0x00000248c5011b40, 0x00000248c5013800,
0x00000248c526e7e0, 0x00000248c5289a60, 0x00000248c528a1a0, 0x00000248c5a56c40,
0x00000248c5a57800, 0x00000248c5a593e0, 0x00000248c5a500a0, 0x00000248cc5274c0,
0x00000248c5aaac50, 0x00000248c5bb29b0, 0x00000248c5b16f10, 0x00000248c5bc7e50,
0x00000248c5bc6fb0, 0x00000248c5bc7700, 0x00000248c7195bc0
}

Java Threads: ( => current thread )
  0x00000248eddc93a0 JavaThread "Reference Handler"          daemon [_thread_blocked, id=24828, stack(0x00000062d7500000,0x00000062d7600000) (1024K)]
  0x00000248eddccc00 JavaThread "Finalizer"                  daemon [_thread_blocked, id=26548, stack(0x00000062d7600000,0x00000062d7700000) (1024K)]
  0x00000248eddcd730 JavaThread "Signal Dispatcher"          daemon [_thread_blocked, id=24504, stack(0x00000062d7700000,0x00000062d7800000) (1024K)]
  0x00000248eddce260 JavaThread "Attach Listener"            daemon [_thread_blocked, id=24068, stack(0x00000062d7800000,0x00000062d7900000) (1024K)]
  0x00000248c5010080 JavaThread "Service Thread"             daemon [_thread_blocked, id=25012, stack(0x00000062d7900000,0x00000062d7a00000) (1024K)]
  0x00000248c5010ce0 JavaThread "Monitor Deflation Thread"   daemon [_thread_blocked, id=9372, stack(0x00000062d7a00000,0x00000062d7b00000) (1024K)]
=>0x00000248c5011b40 JavaThread "C2 CompilerThread0"         daemon [_thread_in_native, id=7688, stack(0x00000062d7b00000,0x00000062d7c00000) (1024K)]
  0x00000248c5013800 JavaThread "C1 CompilerThread0"         daemon [_thread_blocked, id=876, stack(0x00000062d7c00000,0x00000062d7d00000) (1024K)]
  0x00000248c526e7e0 JavaThread "Common-Cleaner"             daemon [_thread_blocked, id=27428, stack(0x00000062d7d00000,0x00000062d7e00000) (1024K)]
  0x00000248c5289a60 JavaThread "Monitor Ctrl-Break"         daemon [_thread_in_native, id=15704, stack(0x00000062d7f00000,0x00000062d8000000) (1024K)]
  0x00000248c528a1a0 JavaThread "Notification Thread"        daemon [_thread_blocked, id=15192, stack(0x00000062d8000000,0x00000062d8100000) (1024K)]
  0x00000248c5a56c40 JavaThread "Java2D Disposer"            daemon [_thread_blocked, id=16172, stack(0x00000062d8100000,0x00000062d8200000) (1024K)]
  0x00000248c5a57800 JavaThread "AWT-Shutdown"                      [_thread_blocked, id=19460, stack(0x00000062d8200000,0x00000062d8300000) (1024K)]
  0x00000248c5a593e0 JavaThread "AWT-Windows"                daemon [_thread_in_native, id=27160, stack(0x00000062d8300000,0x00000062d8400000) (1024K)]
  0x00000248c5a500a0 JavaThread "AWT-EventQueue-0"                  [_thread_in_native, id=22880, stack(0x00000062d8400000,0x00000062d8500000) (1024K)]
  0x00000248cc5274c0 JavaThread "DestroyJavaVM"                     [_thread_blocked, id=27432, stack(0x00000062d6d00000,0x00000062d6e00000) (1024K)]
  0x00000248c5aaac50 JavaThread "mysql-cj-abandoned-connection-cleanup" daemon [_thread_blocked, id=23432, stack(0x00000062d8600000,0x00000062d8700000) (1024K)]
  0x00000248c5bb29b0 JavaThread "RMI TCP Accept-0"           daemon [_thread_in_native, id=12872, stack(0x00000062d8700000,0x00000062d8800000) (1024K)]
  0x00000248c5b16f10 JavaThread "RMI TCP Connection(1)-192.168.1.5" daemon [_thread_in_native, id=4800, stack(0x00000062d8800000,0x00000062d8900000) (1024K)]
  0x00000248c5bc7e50 JavaThread "RMI Scheduler(0)"           daemon [_thread_blocked, id=8104, stack(0x00000062d8900000,0x00000062d8a00000) (1024K)]
  0x00000248c5bc6fb0 JavaThread "JMX server connection timeout 39" daemon [_thread_blocked, id=21092, stack(0x00000062d8a00000,0x00000062d8b00000) (1024K)]
  0x00000248c5bc7700 JavaThread "Image Fetcher 0"            daemon [_thread_blocked, id=25952, stack(0x00000062d7e00000,0x00000062d7f00000) (1024K)]
  0x00000248c7195bc0 JavaThread "C2 CompilerThread1"         daemon [_thread_blocked, id=17820, stack(0x00000062d9500000,0x00000062d9600000) (1024K)]
Total: 23

Other Threads:
  0x00000248eddb8ac0 VMThread "VM Thread"                           [id=26272, stack(0x00000062d7400000,0x00000062d7500000) (1024K)]
  0x00000248eddaa040 WatcherThread "VM Periodic Task Thread"        [id=9512, stack(0x00000062d7300000,0x00000062d7400000) (1024K)]
  0x00000248ce925ad0 WorkerThread "GC Thread#0"                     [id=2248, stack(0x00000062d6e00000,0x00000062d6f00000) (1024K)]
  0x00000248c6d5ede0 WorkerThread "GC Thread#1"                     [id=19328, stack(0x00000062d8500000,0x00000062d8600000) (1024K)]
  0x00000248c6d5ea30 WorkerThread "GC Thread#2"                     [id=10328, stack(0x00000062d8b00000,0x00000062d8c00000) (1024K)]
  0x00000248c6d5f190 WorkerThread "GC Thread#3"                     [id=2080, stack(0x00000062d8c00000,0x00000062d8d00000) (1024K)]
  0x00000248c6d5db70 WorkerThread "GC Thread#4"                     [id=26800, stack(0x00000062d8d00000,0x00000062d8e00000) (1024K)]
  0x00000248c6d5e680 WorkerThread "GC Thread#5"                     [id=25028, stack(0x00000062d8e00000,0x00000062d8f00000) (1024K)]
  0x00000248c732e860 WorkerThread "GC Thread#6"                     [id=2684, stack(0x00000062d8f00000,0x00000062d9000000) (1024K)]
  0x00000248c7330d40 WorkerThread "GC Thread#7"                     [id=2100, stack(0x00000062d9000000,0x00000062d9100000) (1024K)]
  0x00000248c732ec10 WorkerThread "GC Thread#8"                     [id=26536, stack(0x00000062d9100000,0x00000062d9200000) (1024K)]
  0x00000248c732d240 WorkerThread "GC Thread#9"                     [id=14916, stack(0x00000062d9200000,0x00000062d9300000) (1024K)]
  0x00000248ce93a450 ConcurrentGCThread "G1 Main Marker"            [id=27116, stack(0x00000062d6f00000,0x00000062d7000000) (1024K)]
  0x00000248ce93bd60 WorkerThread "G1 Conc#0"                       [id=14020, stack(0x00000062d7000000,0x00000062d7100000) (1024K)]
  0x00000248c732fe80 WorkerThread "G1 Conc#1"                       [id=26852, stack(0x00000062d9300000,0x00000062d9400000) (1024K)]
  0x00000248c732dd50 WorkerThread "G1 Conc#2"                       [id=1936, stack(0x00000062d9400000,0x00000062d9500000) (1024K)]
  0x00000248edc61060 ConcurrentGCThread "G1 Refine#0"               [id=4540, stack(0x00000062d7100000,0x00000062d7200000) (1024K)]
  0x00000248edc61990 ConcurrentGCThread "G1 Service"                [id=8720, stack(0x00000062d7200000,0x00000062d7300000) (1024K)]
Total: 18

Threads with active compile tasks:
C2 CompilerThread0  1282 2243       4       jdk.internal.classfile.impl.StackMapGenerator::processBlock (2767 bytes)
Total: 1

VM state: not at safepoint (normal execution)

VM Mutex/Monitor currently owned by a thread: None

Heap address: 0x0000000704a00000, size: 4022 MB, Compressed Oops mode: Zero based, Oop shift amount: 3

CDS archive(s) mapped at: [0x0000024880000000-0x0000024880d40000-0x0000024880d40000), size 13893632, SharedBaseAddress: 0x0000024880000000, ArchiveRelocationMode: 1.
Compressed class space mapped at: 0x0000024881000000-0x00000248c1000000, reserved size: 1073741824
UseCompressedClassPointers 1, UseCompactObjectHeaders 0
Narrow klass pointer bits 32, Max shift 3
Narrow klass base: 0x0000024880000000, Narrow klass shift: 0
Encoding Range: [0x0000024880000000 - 0x0000024980000000), (4294967296 bytes)
Klass Range:    [0x0000024880000000 - 0x00000248c1000000), (1090519040 bytes)
Klass ID Range:  [8 - 1090519033) (1090519025)

GC Precious Log:
 CardTable entry size: 512
 Card Set container configuration: InlinePtr #cards 4 size 8 Array Of Cards #cards 16 size 48 Howl #buckets 8 coarsen threshold 3686 Howl Bitmap #cards 512 size 80 coarsen threshold 460 Card regions per heap region 1 cards per card region 4096
 CPUs: 12 total, 12 available
 Memory: 16087M
 Large Page Support: Disabled
 NUMA Support: Disabled
 Compressed Oops: Enabled (Zero based)
 Heap Region Size: 2M
 Heap Min Capacity: 8M
 Heap Initial Capacity: 252M
 Heap Max Capacity: 4022M
 Pre-touch: Disabled
 Parallel Workers: 10
 Concurrent Workers: 3
 Concurrent Refinement Workers: 10
 Periodic GC: Disabled

Heap:
 garbage-first heap   total reserved 4118528K, committed 34816K, used 7517K [0x0000000704a00000, 0x0000000800000000)
  region size 2048K, 4 young (8192K), 3 survivors (6144K)
 Metaspace       used 21565K, committed 21888K, reserved 1114112K
  class space    used 2046K, committed 2176K, reserved 1048576K

Heap Regions: E=young(eden), S=young(survivor), O=old, HS=humongous(starts), HC=humongous(continues), CS=collection set, F=free, TAMS=top-at-mark-start, PB=parsable bottom
|   0|0x0000000704a00000, 0x0000000704a3b550, 0x0000000704c00000| 11%| O|  |TAMS 0x0000000704a00000| PB 0x0000000704a00000| Untracked |  0
|   1|0x0000000704c00000, 0x0000000704c00000, 0x0000000704e00000|  0%| F|  |TAMS 0x0000000704c00000| PB 0x0000000704c00000| Untracked |  0
|   2|0x0000000704e00000, 0x0000000704e00000, 0x0000000705000000|  0%| F|  |TAMS 0x0000000704e00000| PB 0x0000000704e00000| Untracked |  0
|   3|0x0000000705000000, 0x0000000705000000, 0x0000000705200000|  0%| F|  |TAMS 0x0000000705000000| PB 0x0000000705000000| Untracked |  0
|   4|0x0000000705200000, 0x0000000705200000, 0x0000000705400000|  0%| F|  |TAMS 0x0000000705200000| PB 0x0000000705200000| Untracked |  0
|   5|0x0000000705400000, 0x0000000705400000, 0x0000000705600000|  0%| F|  |TAMS 0x0000000705400000| PB 0x0000000705400000| Untracked |  0
|   6|0x0000000705600000, 0x0000000705600000, 0x0000000705800000|  0%| F|  |TAMS 0x0000000705600000| PB 0x0000000705600000| Untracked |  0
|   7|0x0000000705800000, 0x0000000705800000, 0x0000000705a00000|  0%| F|  |TAMS 0x0000000705800000| PB 0x0000000705800000| Untracked |  0
|   8|0x0000000705a00000, 0x0000000705a00000, 0x0000000705c00000|  0%| F|  |TAMS 0x0000000705a00000| PB 0x0000000705a00000| Untracked |  0
|   9|0x0000000705c00000, 0x0000000705c00000, 0x0000000705e00000|  0%| F|  |TAMS 0x0000000705c00000| PB 0x0000000705c00000| Untracked |  0
|  10|0x0000000705e00000, 0x0000000705e00000, 0x0000000706000000|  0%| F|  |TAMS 0x0000000705e00000| PB 0x0000000705e00000| Untracked |  0
|  11|0x0000000706000000, 0x0000000706000000, 0x0000000706200000|  0%| F|  |TAMS 0x0000000706000000| PB 0x0000000706000000| Untracked |  0
|  99|0x0000000711000000, 0x0000000711200000, 0x0000000711200000|100%| S|CS|TAMS 0x0000000711000000| PB 0x0000000711000000| Complete |  0
| 100|0x0000000711200000, 0x0000000711400000, 0x0000000711400000|100%| S|CS|TAMS 0x0000000711200000| PB 0x0000000711200000| Complete |  0
| 101|0x0000000711400000, 0x0000000711600000, 0x0000000711600000|100%| S|CS|TAMS 0x0000000711400000| PB 0x0000000711400000| Complete |  0
| 125|0x0000000714400000, 0x0000000714578848, 0x0000000714600000| 73%| E|  |TAMS 0x0000000714400000| PB 0x0000000714400000| Complete |  0
|2010|0x00000007ffe00000, 0x00000007fff1c288, 0x0000000800000000| 55%| O|Cm|TAMS 0x00000007ffe00000| PB 0x00000007ffe00000| Complete |  0

Card table byte_map: [0x00000248e6fb0000,0x00000248e7790000] _byte_map_base: 0x00000248e378b000

Marking Bits: (CMBitMap*) 0x00000248ce9260f0
 Bits: [0x00000248e7790000, 0x00000248eb668000)

Polling page: 0x00000248cc6c0000

Metaspace:

Usage:
  Non-class:     19.06 MB used.
      Class:      2.00 MB used.
       Both:     21.06 MB used.

Virtual space:
  Non-class space:       64.00 MB reserved,      19.25 MB ( 30%) committed,  1 nodes.
      Class space:        1.00 GB reserved,       2.12 MB ( <1%) committed,  1 nodes.
             Both:        1.06 GB reserved,      21.38 MB (  2%) committed. 

Chunk freelists:
   Non-Class:  12.43 MB
       Class:  13.73 MB
        Both:  26.16 MB

MaxMetaspaceSize: unlimited
CompressedClassSpaceSize: 1.00 GB
Initial GC threshold: 21.00 MB
Current GC threshold: 35.12 MB
CDS: on
 - commit_granule_bytes: 65536.
 - commit_granule_words: 8192.
 - virtual_space_node_default_size: 8388608.
 - enlarge_chunks_in_place: 1.
UseCompressedClassPointers 1, UseCompactObjectHeaders 0
Narrow klass pointer bits 32, Max shift 3
Narrow klass base: 0x0000024880000000, Narrow klass shift: 0
Encoding Range: [0x0000024880000000 - 0x0000024980000000), (4294967296 bytes)
Klass Range:    [0x0000024880000000 - 0x00000248c1000000), (1090519040 bytes)
Klass ID Range:  [8 - 1090519033) (1090519025)


Internal statistics:

num_allocs_failed_limit: 3.
num_arena_births: 272.
num_arena_deaths: 0.
num_vsnodes_births: 2.
num_vsnodes_deaths: 0.
num_space_committed: 341.
num_space_uncommitted: 0.
num_chunks_returned_to_freelist: 3.
num_chunks_taken_from_freelist: 502.
num_chunk_merges: 0.
num_chunk_splits: 305.
num_chunks_enlarged: 197.
num_inconsistent_stats: 0.

CodeHeap 'non-profiled nmethods': size=120064Kb used=771Kb max_used=771Kb free=119292Kb
 bounds [0x00000248dec20000, 0x00000248dee90000, 0x00000248e6160000]
CodeHeap 'profiled nmethods': size=120000Kb used=3740Kb max_used=3740Kb free=116259Kb
 bounds [0x00000248d7160000, 0x00000248d7510000, 0x00000248de690000]
CodeHeap 'non-nmethods': size=5696Kb used=1581Kb max_used=1595Kb free=4114Kb
 bounds [0x00000248de690000, 0x00000248de900000, 0x00000248dec20000]
CodeCache: size=245760Kb, used=6092Kb, max_used=6106Kb, free=239665Kb
 total_blobs=3105, nmethods=2354, adapters=656, full_count=0
Compilation: enabled, stopped_count=0, restarted_count=0

Compilation events (20 events):
Event: 1.248 Thread 0x00000248c5013800 2309       3       jdk.internal.classfile.impl.DirectClassBuilder::withField (54 bytes)
Event: 1.248 Thread 0x00000248c5013800 nmethod 2309 0x00000248d74faf08 code [0x00000248d74fb060, 0x00000248d74fb5f8]
Event: 1.248 Thread 0x00000248c5013800 2314       1       jdk.internal.classfile.impl.UnboundAttribute$UnboundSourceFileAttribute::sourceFile (5 bytes)
Event: 1.248 Thread 0x00000248c5013800 nmethod 2314 0x00000248decdda88 code [0x00000248decddb80, 0x00000248decddc48]
Event: 1.248 Thread 0x00000248c5013800 2316   !   3       javax.swing.UIManager::maybeInitialize (36 bytes)
Event: 1.248 Thread 0x00000248c5013800 nmethod 2316 0x00000248d74fb688 code [0x00000248d74fb7e0, 0x00000248d74fbb20]
Event: 1.248 Thread 0x00000248c5013800 2317       3       sun.awt.SunToolkit::isInstanceOf (71 bytes)
Event: 1.249 Thread 0x00000248c5013800 nmethod 2317 0x00000248d74fbb88 code [0x00000248d74fbd40, 0x00000248d74fc640]
Event: 1.249 Thread 0x00000248c5013800 2318       3       sun.util.logging.internal.LoggingProviderImpl$JULWrapper::isLoggable (12 bytes)
Event: 1.249 Thread 0x00000248c5013800 nmethod 2318 0x00000248d74fc688 code [0x00000248d74fc7c0, 0x00000248d74fcb08]
Event: 1.249 Thread 0x00000248c5013800 2319       3       sun.util.logging.internal.LoggingProviderImpl$JULWrapper::toJUL (40 bytes)
Event: 1.249 Thread 0x00000248c5013800 nmethod 2319 0x00000248d74fcb88 code [0x00000248d74fcca0, 0x00000248d74fcec8]
Event: 1.249 Thread 0x00000248c5013800 2320       3       java.awt.Component::getFont (5 bytes)
Event: 1.250 Thread 0x00000248c5013800 nmethod 2320 0x00000248d74fcf08 code [0x00000248d74fd040, 0x00000248d74fd4c8]
Event: 1.250 Thread 0x00000248c5013800 2321       3       java.awt.Component::getFont_NoClientCode (29 bytes)
Event: 1.250 Thread 0x00000248c5013800 nmethod 2321 0x00000248d74fd508 code [0x00000248d74fd640, 0x00000248d74fda18]
Event: 1.250 Thread 0x00000248c5013800 2322       3       java.awt.Component::getParent (5 bytes)
Event: 1.250 Thread 0x00000248c5013800 nmethod 2322 0x00000248d74fda88 code [0x00000248d74fdba0, 0x00000248d74fdd48]
Event: 1.250 Thread 0x00000248c5013800 2323       3       java.util.EventObject::<init> (24 bytes)
Event: 1.250 Thread 0x00000248c5013800 nmethod 2323 0x00000248d74fdd88 code [0x00000248d74fdec0, 0x00000248d74fe180]

GC Heap History (0 events):
No events

Dll operation events (16 events):
Event: 0.008 Loaded shared library C:\Users\Acer\.jdks\openjdk-24.0.1\bin\java.dll
Event: 0.029 Loaded shared library C:\Users\Acer\.jdks\openjdk-24.0.1\bin\jsvml.dll
Event: 0.065 Loaded shared library C:\Users\Acer\.jdks\openjdk-24.0.1\bin\zip.dll
Event: 0.068 Loaded shared library C:\Users\Acer\.jdks\openjdk-24.0.1\bin\instrument.dll
Event: 0.073 Loaded shared library C:\Users\Acer\.jdks\openjdk-24.0.1\bin\net.dll
Event: 0.075 Loaded shared library C:\Users\Acer\.jdks\openjdk-24.0.1\bin\nio.dll
Event: 0.079 Loaded shared library C:\Users\Acer\.jdks\openjdk-24.0.1\bin\zip.dll
Event: 0.094 Loaded shared library D:\IntelliJ IDEA 2024.3.2.2\bin\breakgen64.dll
Event: 0.104 Loaded shared library C:\Users\Acer\.jdks\openjdk-24.0.1\bin\jimage.dll
Event: 0.105 Loaded shared library C:\Users\Acer\.jdks\openjdk-24.0.1\bin\extnet.dll
Event: 0.109 Loaded shared library C:\Users\Acer\.jdks\openjdk-24.0.1\bin\awt.dll
Event: 0.167 Loaded shared library C:\Users\Acer\.jdks\openjdk-24.0.1\bin\management.dll
Event: 0.176 Loaded shared library C:\Users\Acer\.jdks\openjdk-24.0.1\bin\management_ext.dll
Event: 0.629 Loaded shared library C:\Users\Acer\.jdks\openjdk-24.0.1\bin\sunmscapi.dll
Event: 1.221 Loaded shared library C:\Users\Acer\.jdks\openjdk-24.0.1\bin\freetype.dll
Event: 1.222 Loaded shared library C:\Users\Acer\.jdks\openjdk-24.0.1\bin\fontmanager.dll

Deoptimization events (20 events):
Event: 1.127 Thread 0x00000248c5a500a0 Uncommon trap: trap_request=0xffffff4d fr.pc=0x00000248dec73674 relative=0x0000000000000194
Event: 1.127 Thread 0x00000248c5a500a0 Uncommon trap: reason=unstable_if action=reinterpret pc=0x00000248dec73674 method=java.util.HashMap.getNode(Ljava/lang/Object;)Ljava/util/HashMap$Node; @ 66 c2
Event: 1.127 Thread 0x00000248c5a500a0 DEOPT PACKING pc=0x00000248dec73674 sp=0x00000062d84fdc70
Event: 1.127 Thread 0x00000248c5a500a0 DEOPT UNPACKING pc=0x00000248de7a8602 sp=0x00000062d84fdbe0 mode 2
Event: 1.227 Thread 0x00000248c5a500a0 Uncommon trap: trap_request=0xffffff76 fr.pc=0x00000248decd95a0 relative=0x0000000000000100
Event: 1.227 Thread 0x00000248c5a500a0 Uncommon trap: reason=predicate action=maybe_recompile pc=0x00000248decd95a0 method=java.util.Arrays.fill([Ljava/lang/Object;Ljava/lang/Object;)V @ 7 c2
Event: 1.227 Thread 0x00000248c5a500a0 DEOPT PACKING pc=0x00000248decd95a0 sp=0x00000062d84fa6d0
Event: 1.227 Thread 0x00000248c5a500a0 DEOPT UNPACKING pc=0x00000248de7a8602 sp=0x00000062d84fa648 mode 2
Event: 1.233 Thread 0x00000248c5a500a0 Uncommon trap: trap_request=0xffffff4d fr.pc=0x00000248dec72264 relative=0x0000000000000344
Event: 1.233 Thread 0x00000248c5a500a0 Uncommon trap: reason=unstable_if action=reinterpret pc=0x00000248dec72264 method=java.lang.StringUTF16.compress([CII)[B @ 17 c2
Event: 1.233 Thread 0x00000248c5a500a0 DEOPT PACKING pc=0x00000248dec72264 sp=0x00000062d84fe010
Event: 1.233 Thread 0x00000248c5a500a0 DEOPT UNPACKING pc=0x00000248de7a8602 sp=0x00000062d84fdec8 mode 2
Event: 1.247 Thread 0x00000248c5a500a0 Uncommon trap: trap_request=0xffffff5c fr.pc=0x00000248dec86ee4 relative=0x0000000000000064
Event: 1.247 Thread 0x00000248c5a500a0 Uncommon trap: reason=speculate_null_check action=make_not_entrant pc=0x00000248dec86ee4 method=jdk.internal.misc.Unsafe.getIntUnaligned(Ljava/lang/Object;JZ)I @ 5 c2
Event: 1.247 Thread 0x00000248c5a500a0 DEOPT PACKING pc=0x00000248dec86ee4 sp=0x00000062d84fdc40
Event: 1.247 Thread 0x00000248c5a500a0 DEOPT UNPACKING pc=0x00000248de7a8602 sp=0x00000062d84fdbc0 mode 2
Event: 1.250 Thread 0x00000248c5a500a0 Uncommon trap: trap_request=0xffffff4d fr.pc=0x00000248deca1a68 relative=0x0000000000000068
Event: 1.250 Thread 0x00000248c5a500a0 Uncommon trap: reason=unstable_if action=reinterpret pc=0x00000248deca1a68 method=java.util.Objects.equals(Ljava/lang/Object;Ljava/lang/Object;)Z @ 6 c2
Event: 1.250 Thread 0x00000248c5a500a0 DEOPT PACKING pc=0x00000248deca1a68 sp=0x00000062d84fe1e0
Event: 1.250 Thread 0x00000248c5a500a0 DEOPT UNPACKING pc=0x00000248de7a8602 sp=0x00000062d84fe180 mode 2

Classes loaded (20 events):
Event: 1.248 Loading class javax/swing/SwingUtilities$SharedOwnerFrame
Event: 1.248 Loading class javax/swing/SwingUtilities$SharedOwnerFrame done
Event: 1.249 Loading class javax/swing/JDialog
Event: 1.249 Loading class java/awt/Dialog
Event: 1.249 Loading class java/awt/Dialog done
Event: 1.249 Loading class javax/swing/JDialog done
Event: 1.249 Loading class java/awt/Dialog$ModalityType
Event: 1.249 Loading class java/awt/Dialog$ModalityType done
Event: 1.250 Loading class javax/swing/KeyboardManager$ComponentKeyStrokePair
Event: 1.250 Loading class javax/swing/KeyboardManager$ComponentKeyStrokePair done
Event: 1.250 Loading class sun/awt/EmbeddedFrame
Event: 1.250 Loading class sun/awt/EmbeddedFrame done
Event: 1.250 Loading class sun/awt/windows/WFramePeer
Event: 1.250 Loading class java/awt/peer/FramePeer
Event: 1.250 Loading class java/awt/peer/WindowPeer
Event: 1.250 Loading class java/awt/peer/ContainerPeer
Event: 1.250 Loading class java/awt/peer/ContainerPeer done
Event: 1.250 Loading class java/awt/peer/WindowPeer done
Event: 1.250 Loading class java/awt/peer/FramePeer done
Event: 1.250 Loading class sun/awt/windows/WWindowPeer

Classes unloaded (0 events):
No events

Classes redefined (0 events):
No events

Internal exceptions (20 events):
Event: 0.557 Thread 0x00000248c5a500a0 Exception <a 'java/lang/NoSuchMethodError'{0x00000007125e1bf8}: 'void java.lang.invoke.DirectMethodHandle$Holder.invokeStaticInit(java.lang.Object, java.lang.Object)'> (0x00000007125e1bf8) 
thrown [s\open\src\hotspot\share\interpreter\linkResolver.cpp, line 805]
Event: 0.587 Thread 0x00000248c5a500a0 Exception <a 'sun/nio/fs/WindowsException'{0x00000007122e8758}> (0x00000007122e8758) 
thrown [s\open\src\hotspot\share\prims\jni.cpp, line 518]
Event: 0.735 Thread 0x00000248c5a500a0 Exception <a 'java/lang/NoSuchMethodError'{0x00000007120ab0d0}: 'void java.lang.invoke.DirectMethodHandle$Holder.invokeVirtual(java.lang.Object, java.lang.Object)'> (0x00000007120ab0d0) 
thrown [s\open\src\hotspot\share\interpreter\linkResolver.cpp, line 805]
Event: 0.780 Thread 0x00000248c5a500a0 Exception <a 'java/lang/NoSuchMethodError'{0x0000000712175498}: 'java.lang.Object java.lang.invoke.Invokers$Holder.invoke_MT(java.lang.Object, java.lang.Object, java.lang.Object, java.lang.Object, java.lang.Object, java.lang.Object)'> (0x0000000712175498) 
thrown [s\open\src\hotspot\share\interpreter\linkResolver.cpp, line 805]
Event: 0.781 Thread 0x00000248c5a500a0 Exception <a 'java/lang/NoSuchMethodError'{0x000000071217e168}: 'java.lang.Object java.lang.invoke.DirectMethodHandle$Holder.invokeStatic(java.lang.Object, java.lang.Object, int)'> (0x000000071217e168) 
thrown [s\open\src\hotspot\share\interpreter\linkResolver.cpp, line 805]
Event: 0.784 Thread 0x00000248c5a500a0 Exception <a 'java/lang/NoSuchMethodError'{0x000000071219f6a0}: 'void java.lang.invoke.DelegatingMethodHandle$Holder.delegate(java.lang.Object, java.lang.Object, int, java.lang.Object)'> (0x000000071219f6a0) 
thrown [s\open\src\hotspot\share\interpreter\linkResolver.cpp, line 805]
Event: 0.807 Thread 0x00000248c5a500a0 Exception <a 'java/lang/NoSuchMethodError'{0x0000000711e954f0}: 'void java.lang.invoke.DirectMethodHandle$Holder.invokeStatic(java.lang.Object, java.lang.Object, java.lang.Object, java.lang.Object)'> (0x0000000711e954f0) 
thrown [s\open\src\hotspot\share\interpreter\linkResolver.cpp, line 805]
Event: 0.815 Thread 0x00000248c5b16f10 Exception <a 'java/lang/NoSuchMethodError'{0x00000007126af608}: 'long java.lang.invoke.DirectMethodHandle$Holder.invokeVirtual(java.lang.Object, java.lang.Object)'> (0x00000007126af608) 
thrown [s\open\src\hotspot\share\interpreter\linkResolver.cpp, line 805]
Event: 0.816 Thread 0x00000248c5b16f10 Exception <a 'java/lang/NoSuchMethodError'{0x00000007126bf8b8}: 'long java.lang.invoke.DelegatingMethodHandle$Holder.reinvoke_L(java.lang.Object, java.lang.Object)'> (0x00000007126bf8b8) 
thrown [s\open\src\hotspot\share\interpreter\linkResolver.cpp, line 805]
Event: 0.825 Thread 0x00000248c5a500a0 Exception <a 'java/lang/NoSuchMethodError'{0x0000000711c2e4f8}: 'void java.lang.invoke.DirectMethodHandle$Holder.invokeInterface(java.lang.Object, java.lang.Object, java.lang.Object, java.lang.Object)'> (0x0000000711c2e4f8) 
thrown [s\open\src\hotspot\share\interpreter\linkResolver.cpp, line 805]
Event: 0.869 Thread 0x00000248c5a500a0 Exception <a 'java/io/IOException'{0x0000000711de7068}> (0x0000000711de7068) 
thrown [s\open\src\hotspot\share\prims\jni.cpp, line 518]
Event: 0.869 Thread 0x00000248c5a500a0 Exception <a 'java/lang/NoSuchMethodError'{0x0000000711dea0a0}: 'void java.lang.invoke.DirectMethodHandle$Holder.invokeInterface(java.lang.Object, java.lang.Object)'> (0x0000000711dea0a0) 
thrown [s\open\src\hotspot\share\interpreter\linkResolver.cpp, line 805]
Event: 1.226 Thread 0x00000248c5a500a0 Exception <a 'java/lang/NoSuchMethodError'{0x0000000711bbdd08}: 'long java.lang.invoke.DirectMethodHandle$Holder.invokeStaticInit(java.lang.Object, long, long, long, long)'> (0x0000000711bbdd08) 
thrown [s\open\src\hotspot\share\interpreter\linkResolver.cpp, line 805]
Event: 1.226 Thread 0x00000248c5a500a0 Exception <a 'java/lang/NoSuchMethodError'{0x0000000711bc6710}: 'java.lang.Object java.lang.invoke.DirectMethodHandle$Holder.invokeInterface(java.lang.Object, java.lang.Object, long, long)'> (0x0000000711bc6710) 
thrown [s\open\src\hotspot\share\interpreter\linkResolver.cpp, line 805]
Event: 1.227 Thread 0x00000248c5a500a0 Exception <a 'java/lang/NoSuchMethodError'{0x0000000711bdeed0}: 'void java.lang.invoke.DirectMethodHandle$Holder.invokeStaticInit(java.lang.Object, java.lang.Object, long, java.lang.Object)'> (0x0000000711bdeed0) 
thrown [s\open\src\hotspot\share\interpreter\linkResolver.cpp, line 805]
Event: 1.227 Thread 0x00000248c5a500a0 Exception <a 'java/lang/NoSuchMethodError'{0x0000000711be7640}: 'long java.lang.invoke.DirectMethodHandle$Holder.invokeStatic(java.lang.Object, long, long)'> (0x0000000711be7640) 
thrown [s\open\src\hotspot\share\interpreter\linkResolver.cpp, line 805]
Event: 1.229 Thread 0x00000248c5a500a0 Exception <a 'java/lang/NoSuchMethodError'{0x00000007119060a0}: 'java.lang.Object java.lang.invoke.DirectMethodHandle$Holder.newInvokeSpecial(java.lang.Object, int, java.lang.Object)'> (0x00000007119060a0) 
thrown [s\open\src\hotspot\share\interpreter\linkResolver.cpp, line 805]
Event: 1.243 Thread 0x00000248c5a500a0 Exception <a 'java/lang/NoSuchMethodError'{0x0000000711977330}: 'void java.lang.invoke.DelegatingMethodHandle$Holder.reinvoke_L(java.lang.Object, java.lang.Object, java.lang.Object, java.lang.Object, long, long, float)'> (0x0000000711977330) 
thrown [s\open\src\hotspot\share\interpreter\linkResolver.cpp, line 805]
Event: 1.244 Thread 0x00000248c5a500a0 Exception <a 'java/lang/NoSuchMethodError'{0x0000000711997450}: 'java.lang.Object java.lang.invoke.DirectMethodHandle$Holder.invokeStatic(java.lang.Object, java.lang.Object, java.lang.Object, java.lang.Object, java.lang.Object, long)'> (0x0000000711997450) 
thrown [s\open\src\hotspot\share\interpreter\linkResolver.cpp, line 805]
Event: 1.246 Thread 0x00000248c5a500a0 Exception <a 'java/lang/NoSuchMethodError'{0x00000007119da708}: 'float java.lang.invoke.DelegatingMethodHandle$Holder.reinvoke_L(java.lang.Object, java.lang.Object, java.lang.Object, java.lang.Object, long, long)'> (0x00000007119da708) 
thrown [s\open\src\hotspot\share\interpreter\linkResolver.cpp, line 805]

VM Operations (20 events):
Event: 0.347 Executing VM operation: HandshakeAllThreads (Deoptimize)
Event: 0.347 Executing VM operation: HandshakeAllThreads (Deoptimize) done
Event: 0.347 Executing VM operation: HandshakeAllThreads (Deoptimize)
Event: 0.347 Executing VM operation: HandshakeAllThreads (Deoptimize) done
Event: 0.459 Executing VM operation: HandshakeAllThreads (Deoptimize)
Event: 0.459 Executing VM operation: HandshakeAllThreads (Deoptimize) done
Event: 0.529 Executing VM operation: HandshakeAllThreads (Deoptimize)
Event: 0.529 Executing VM operation: HandshakeAllThreads (Deoptimize) done
Event: 0.574 Executing VM operation: HandshakeAllThreads (Deoptimize)
Event: 0.574 Executing VM operation: HandshakeAllThreads (Deoptimize) done
Event: 0.588 Executing VM operation: HandshakeAllThreads (Deoptimize)
Event: 0.588 Executing VM operation: HandshakeAllThreads (Deoptimize) done
Event: 0.593 Executing VM operation: HandshakeAllThreads (Deoptimize)
Event: 0.593 Executing VM operation: HandshakeAllThreads (Deoptimize) done
Event: 0.747 Executing VM operation: HandshakeAllThreads (Deoptimize)
Event: 0.747 Executing VM operation: HandshakeAllThreads (Deoptimize) done
Event: 1.229 Executing VM operation: HandshakeAllThreads (Deoptimize)
Event: 1.229 Executing VM operation: HandshakeAllThreads (Deoptimize) done
Event: 1.237 Executing VM operation: HandshakeAllThreads (Deoptimize)
Event: 1.237 Executing VM operation: HandshakeAllThreads (Deoptimize) done

Memory protections (0 events):
No events

Nmethod flushes (0 events):
No events

Events (20 events):
Event: 0.027 Thread 0x00000248cc5274c0 Thread added: 0x00000248c5013800
Event: 0.070 Thread 0x00000248cc5274c0 Thread added: 0x00000248c526e7e0
Event: 0.082 Thread 0x00000248c5013800 Thread added: 0x00000248c5200a70
Event: 0.095 Thread 0x00000248cc5274c0 Thread added: 0x00000248c5289a60
Event: 0.095 Thread 0x00000248cc5274c0 Thread added: 0x00000248c528a1a0
Event: 0.157 Thread 0x00000248cc5274c0 Thread added: 0x00000248c5a56c40
Event: 0.158 Thread 0x00000248cc5274c0 Thread added: 0x00000248c5a57800
Event: 0.159 Thread 0x00000248cc5274c0 Thread added: 0x00000248c5a593e0
Event: 0.170 Thread 0x00000248cc5274c0 Thread added: 0x00000248c5a500a0
Event: 0.170 Thread 0x00000248cc5274c0 Thread exited: 0x00000248cc5274c0
Event: 0.170 Thread 0x00000248cc5274c0 Thread added: 0x00000248cc5274c0
Event: 0.249 Thread 0x00000248c5013800 Thread added: 0x00000248c5aa74a0
Event: 0.340 Thread 0x00000248c5a500a0 Thread added: 0x00000248c5aaac50
Event: 0.425 Thread 0x00000248eddce260 Thread added: 0x00000248c5bb29b0
Event: 0.438 Thread 0x00000248c5bb29b0 Thread added: 0x00000248c5b16f10
Event: 0.452 Thread 0x00000248c5b16f10 Thread added: 0x00000248c5bc7e50
Event: 0.457 Thread 0x00000248c5b16f10 Thread added: 0x00000248c5bc6fb0
Event: 1.119 Thread 0x00000248c5aa74a0 Thread exited: 0x00000248c5aa74a0
Event: 1.119 Thread 0x00000248c5200a70 Thread exited: 0x00000248c5200a70
Event: 1.215 Thread 0x00000248c5a500a0 Thread added: 0x00000248c5bc7700


Dynamic libraries:
0x00007ff6f3ab0000 - 0x00007ff6f3abe000 	C:\Users\Acer\.jdks\openjdk-24.0.1\bin\java.exe
0x00007ffbcb760000 - 0x00007ffbcb9c7000 	C:\WINDOWS\SYSTEM32\ntdll.dll
0x00007ffbca090000 - 0x00007ffbca159000 	C:\WINDOWS\System32\KERNEL32.DLL
0x00007ffbc88b0000 - 0x00007ffbc8c9f000 	C:\WINDOWS\System32\KERNELBASE.dll
0x00007ffbc8ce0000 - 0x00007ffbc8e2b000 	C:\WINDOWS\System32\ucrtbase.dll
0x00007ffbb65b0000 - 0x00007ffbb65c6000 	C:\Users\Acer\.jdks\openjdk-24.0.1\bin\jli.dll
0x00007ffbb5900000 - 0x00007ffbb591b000 	C:\Users\Acer\.jdks\openjdk-24.0.1\bin\VCRUNTIME140.dll
0x00007ffbcac90000 - 0x00007ffbcae55000 	C:\WINDOWS\System32\USER32.dll
0x00007ffbac080000 - 0x00007ffbac313000 	C:\WINDOWS\WinSxS\amd64_microsoft.windows.common-controls_6595b64144ccf1df_6.0.26100.7309_none_3e05feeae336a044\COMCTL32.dll
0x00007ffbc8cb0000 - 0x00007ffbc8cd7000 	C:\WINDOWS\System32\win32u.dll
0x00007ffbc99f0000 - 0x00007ffbc9a1b000 	C:\WINDOWS\System32\GDI32.dll
0x00007ffbc93d0000 - 0x00007ffbc94fc000 	C:\WINDOWS\System32\gdi32full.dll
0x00007ffbcb570000 - 0x00007ffbcb619000 	C:\WINDOWS\System32\msvcrt.dll
0x00007ffbc9270000 - 0x00007ffbc9313000 	C:\WINDOWS\System32\msvcp_win.dll
0x00007ffbc9990000 - 0x00007ffbc99c1000 	C:\WINDOWS\System32\IMM32.DLL
0x00007ffbba420000 - 0x00007ffbba42c000 	C:\Users\Acer\.jdks\openjdk-24.0.1\bin\vcruntime140_1.dll
0x00007ffae33a0000 - 0x00007ffae342e000 	C:\Users\Acer\.jdks\openjdk-24.0.1\bin\msvcp140.dll
0x00007ffab0f30000 - 0x00007ffab1cd2000 	C:\Users\Acer\.jdks\openjdk-24.0.1\bin\server\jvm.dll
0x00007ffbcb030000 - 0x00007ffbcb0e4000 	C:\WINDOWS\System32\ADVAPI32.dll
0x00007ffbcabe0000 - 0x00007ffbcac86000 	C:\WINDOWS\System32\sechost.dll
0x00007ffbca360000 - 0x00007ffbca478000 	C:\WINDOWS\System32\RPCRT4.dll
0x00007ffbcb6a0000 - 0x00007ffbcb714000 	C:\WINDOWS\System32\WS2_32.dll
0x00007ffbc0600000 - 0x00007ffbc0635000 	C:\WINDOWS\SYSTEM32\WINMM.dll
0x00007ffbc8710000 - 0x00007ffbc876e000 	C:\WINDOWS\SYSTEM32\POWRPROF.dll
0x00007ffbabf00000 - 0x00007ffbabf0b000 	C:\WINDOWS\SYSTEM32\VERSION.dll
0x00007ffbc86f0000 - 0x00007ffbc8704000 	C:\WINDOWS\SYSTEM32\UMPDC.dll
0x00007ffbc7660000 - 0x00007ffbc767b000 	C:\WINDOWS\SYSTEM32\kernel.appcore.dll
0x00007ffbb58f0000 - 0x00007ffbb58fa000 	C:\Users\Acer\.jdks\openjdk-24.0.1\bin\jimage.dll
0x00007ffbc5a20000 - 0x00007ffbc5c62000 	C:\WINDOWS\SYSTEM32\DBGHELP.DLL
0x00007ffbcb1d0000 - 0x00007ffbcb555000 	C:\WINDOWS\System32\combase.dll
0x00007ffbc9d10000 - 0x00007ffbc9de6000 	C:\WINDOWS\System32\OLEAUT32.dll
0x00007ffb9b5a0000 - 0x00007ffb9b5dc000 	C:\WINDOWS\SYSTEM32\dbgcore.DLL
0x00007ffbc9320000 - 0x00007ffbc93c5000 	C:\WINDOWS\System32\bcryptPrimitives.dll
0x00007ffbb58e0000 - 0x00007ffbb58ef000 	C:\Users\Acer\.jdks\openjdk-24.0.1\bin\instrument.dll
0x00007ffb77e00000 - 0x00007ffb77e1e000 	C:\Users\Acer\.jdks\openjdk-24.0.1\bin\java.dll
0x00007ffbc9ef0000 - 0x00007ffbca087000 	C:\WINDOWS\System32\ole32.dll
0x00007ffbca480000 - 0x00007ffbcabd3000 	C:\WINDOWS\System32\SHELL32.dll
0x00007ffbc8ef0000 - 0x00007ffbc905a000 	C:\WINDOWS\System32\wintypes.dll
0x00007ffbc64b0000 - 0x00007ffbc6d0e000 	C:\WINDOWS\SYSTEM32\windows.storage.dll
0x00007ffbcaf30000 - 0x00007ffbcb025000 	C:\WINDOWS\System32\SHCORE.dll
0x00007ffbc9df0000 - 0x00007ffbc9e56000 	C:\WINDOWS\System32\shlwapi.dll
0x00007ffbc87d0000 - 0x00007ffbc87f9000 	C:\WINDOWS\SYSTEM32\profapi.dll
0x00007ffae2c80000 - 0x00007ffae2d57000 	C:\Users\Acer\.jdks\openjdk-24.0.1\bin\jsvml.dll
0x00007ffb12920000 - 0x00007ffb12937000 	C:\Users\Acer\.jdks\openjdk-24.0.1\bin\zip.dll
0x00007ffb77c90000 - 0x00007ffb77ca0000 	C:\Users\Acer\.jdks\openjdk-24.0.1\bin\net.dll
0x00007ffbc7bd0000 - 0x00007ffbc7c3b000 	C:\WINDOWS\system32\mswsock.dll
0x00007ffaf9840000 - 0x00007ffaf9856000 	C:\Users\Acer\.jdks\openjdk-24.0.1\bin\nio.dll
0x00007ffaf9730000 - 0x00007ffaf974a000 	D:\IntelliJ IDEA 2024.3.2.2\bin\breakgen64.dll
0x00007ffb71cc0000 - 0x00007ffb71cc9000 	C:\Users\Acer\.jdks\openjdk-24.0.1\bin\extnet.dll
0x00007ffae2b00000 - 0x00007ffae2c7e000 	C:\Users\Acer\.jdks\openjdk-24.0.1\bin\awt.dll
0x00007ffbc5430000 - 0x00007ffbc54cf000 	C:\WINDOWS\SYSTEM32\apphelp.dll
0x00007ffbc71e0000 - 0x00007ffbc730c000 	C:\WINDOWS\SYSTEM32\DNSAPI.dll
0x00007ffbc71a0000 - 0x00007ffbc71d4000 	C:\WINDOWS\SYSTEM32\IPHLPAPI.DLL
0x00007ffbcaf20000 - 0x00007ffbcaf2a000 	C:\WINDOWS\System32\NSI.dll
0x00007ffbba900000 - 0x00007ffbba90b000 	C:\Windows\System32\rasadhlp.dll
0x00007ffbc2af0000 - 0x00007ffbc2b76000 	C:\WINDOWS\System32\fwpuclnt.dll
0x00007ffbc5660000 - 0x00007ffbc570b000 	C:\WINDOWS\system32\uxtheme.dll
0x00007ffbca170000 - 0x00007ffbca2ce000 	C:\WINDOWS\System32\MSCTF.dll
0x00007ffb52690000 - 0x00007ffb5269a000 	C:\Users\Acer\.jdks\openjdk-24.0.1\bin\management.dll
0x00007ffb4fa00000 - 0x00007ffb4fa0b000 	C:\Users\Acer\.jdks\openjdk-24.0.1\bin\management_ext.dll
0x00007ffbcb560000 - 0x00007ffbcb568000 	C:\WINDOWS\System32\PSAPI.DLL
0x00007ffbc58c0000 - 0x00007ffbc58f0000 	C:\WINDOWS\system32\DWMAPI.DLL
0x00007ffbaa610000 - 0x00007ffbaa720000 	C:\WINDOWS\system32\opengl32.dll
0x00007ffba9950000 - 0x00007ffba997d000 	C:\WINDOWS\SYSTEM32\GLU32.dll
0x00007ffbc5900000 - 0x00007ffbc5944000 	C:\WINDOWS\SYSTEM32\dxcore.dll
0x00007ffbc7e90000 - 0x00007ffbc7eab000 	C:\WINDOWS\SYSTEM32\CRYPTSP.dll
0x00007ffbc75c0000 - 0x00007ffbc75fa000 	C:\WINDOWS\system32\rsaenh.dll
0x00007ffbc7c80000 - 0x00007ffbc7cab000 	C:\WINDOWS\SYSTEM32\USERENV.dll
0x00007ffbc87a0000 - 0x00007ffbc87ca000 	C:\WINDOWS\SYSTEM32\bcrypt.dll
0x00007ffbc7eb0000 - 0x00007ffbc7ebc000 	C:\WINDOWS\SYSTEM32\CRYPTBASE.dll
0x00007ffb88ee0000 - 0x00007ffb88ef8000 	C:\WINDOWS\system32\napinsp.dll
0x00007ffb88ec0000 - 0x00007ffb88ed2000 	C:\WINDOWS\System32\winrnr.dll
0x00007ffb88e90000 - 0x00007ffb88eb2000 	C:\WINDOWS\system32\nlansp_c.dll
0x00007ffb88e70000 - 0x00007ffb88e86000 	C:\WINDOWS\system32\wshbth.dll
0x00007ffb95630000 - 0x00007ffb95686000 	C:\WINDOWS\SYSTEM32\pdh.dll
0x00007ffb4ec30000 - 0x00007ffb4ec3e000 	C:\Users\Acer\.jdks\openjdk-24.0.1\bin\sunmscapi.dll
0x00007ffbc9060000 - 0x00007ffbc91d7000 	C:\WINDOWS\System32\CRYPT32.dll
0x00007ffbc80b0000 - 0x00007ffbc80e0000 	C:\WINDOWS\SYSTEM32\ncrypt.dll
0x00007ffbc8060000 - 0x00007ffbc809f000 	C:\WINDOWS\SYSTEM32\NTASN1.dll
0x00007ffb8ede0000 - 0x00007ffb8edf2000 	C:\WINDOWS\System32\perfproc.dll
0x00007ffb8edc0000 - 0x00007ffb8edd1000 	C:\WINDOWS\System32\perfos.dll
0x00007ffbc6d40000 - 0x00007ffbc6d52000 	C:\WINDOWS\SYSTEM32\pfclient.dll
0x00007ffae3310000 - 0x00007ffae3397000 	C:\Users\Acer\.jdks\openjdk-24.0.1\bin\freetype.dll
0x00007ffae2a20000 - 0x00007ffae2af7000 	C:\Users\Acer\.jdks\openjdk-24.0.1\bin\fontmanager.dll

JVMTI agents:
D:\IntelliJ IDEA 2024.3.2.2\lib\idea_rt.jar path:C:\Users\Acer\.jdks\openjdk-24.0.1\bin\instrument.dll, loaded, initialized, instrumentlib options:63315:D:\IntelliJ IDEA 2024.3.2.2\bin

dbghelp: loaded successfully - version: 4.0.5 - missing functions: none
symbol engine: initialized successfully - sym options: 0x614 - pdb path: .;C:\Users\Acer\.jdks\openjdk-24.0.1\bin;C:\WINDOWS\SYSTEM32;C:\WINDOWS\WinSxS\amd64_microsoft.windows.common-controls_6595b64144ccf1df_6.0.26100.7309_none_3e05feeae336a044;C:\Users\Acer\.jdks\openjdk-24.0.1\bin\server;D:\IntelliJ IDEA 2024.3.2.2\bin

VM Arguments:
jvm_args: -javaagent:D:\IntelliJ IDEA 2024.3.2.2\lib\idea_rt.jar=63315:D:\IntelliJ IDEA 2024.3.2.2\bin -Dfile.encoding=UTF-8 -Dsun.stdout.encoding=UTF-8 -Dsun.stderr.encoding=UTF-8 
java_command: org.example.Main
java_class_path (initial): D:\JavaProject\TUBES_PP2_2025\target\classes;C:\Users\Acer\.m2\repository\com\mysql\mysql-connector-j\9.5.0\mysql-connector-j-9.5.0.jar;C:\Users\Acer\.m2\repository\com\google\protobuf\protobuf-java\4.31.1\protobuf-java-4.31.1.jar;C:\Users\Acer\.m2\repository\org\mindrot\jbcrypt\0.4\jbcrypt-0.4.jar
Launcher Type: SUN_STANDARD

[Global flags]
     intx CICompilerCount                          = 4                                         {product} {ergonomic}
     uint ConcGCThreads                            = 3                                         {product} {ergonomic}
     uint G1ConcRefinementThreads                  = 10                                        {product} {ergonomic}
   size_t G1HeapRegionSize                         = 2097152                                   {product} {ergonomic}
   size_t InitialHeapSize                          = 264241152                                 {product} {ergonomic}
   size_t MarkStackSize                            = 4194304                                   {product} {ergonomic}
   size_t MarkStackSizeMax                         = 536870912                                 {product} {ergonomic}
   size_t MaxHeapSize                              = 4217372672                                {product} {ergonomic}
   size_t MaxNewSize                               = 2529165312                                {product} {ergonomic}
   size_t MinHeapDeltaBytes                        = 2097152                                   {product} {ergonomic}
   size_t MinHeapSize                              = 8388608                                   {product} {ergonomic}
    uintx NonNMethodCodeHeapSize                   = 5832704                                {pd product} {ergonomic}
    uintx NonProfiledCodeHeapSize                  = 122945536                              {pd product} {ergonomic}
    uintx ProfiledCodeHeapSize                     = 122880000                              {pd product} {ergonomic}
    uintx ReservedCodeCacheSize                    = 251658240                              {pd product} {ergonomic}
     bool SegmentedCodeCache                       = true                                      {product} {ergonomic}
   size_t SoftMaxHeapSize                          = 4217372672                             {manageable} {ergonomic}
     bool UseCompressedOops                        = true                           {product lp64_product} {ergonomic}
     bool UseG1GC                                  = true                                      {product} {ergonomic}
     bool UseLargePagesIndividualAllocation        = false                                  {pd product} {ergonomic}

Logging:
Log output configuration:
 #0: stdout all=warning uptime,level,tags foldmultilines=false
 #1: stderr all=off uptime,level,tags foldmultilines=false

Environment Variables:
JAVA_HOME=C:\Program Files\Java\jdk-21
PATH=C:\Users\Acer\.config\herd\bin\php84;C:\Program Files\PlasticSCM5\client;C:\Program Files (x86)\NVIDIA Corporation\PhysX\Common;C:\Program Files\Common Files\Oracle\Java\javapath;C:\Program Files (x86)\Common Files\Intel\Shared Libraries\redist\intel64\compiler;C:\WINDOWS\system32;C:\WINDOWS;C:\WINDOWS\System32\Wbem;C:\WINDOWS\System32\WindowsPowerShell\v1.0\;C:\WINDOWS\System32\OpenSSH\;C:\Program Files\dotnet\C:\Program Files\Java\jdk-21\bin;C:\Program Files\Docker\Docker\resources\bin;C:\Program Files\Git\cmd;C:\Program Files (x86)\Microsoft SQL Server\160\Tools\Binn\;C:\Program Files\Microsoft SQL Server\160\Tools\Binn\;C:\Program Files\Microsoft SQL Server\Client SDK\ODBC\170\Tools\Binn\;C:\Program Files\Microsoft SQL Server\160\DTS\Binn\;C:\Program Files\dotnet\;C:\Program Files\Git LFS;C:\Users\Acer\.config\herd\bin\nvm;C:\Program Files\nodejs;C:\ProgramData\ComposerSetup\bin;C:\Program Files (x86)\cloudflared\;C:\Users\Acer\.config\herd\bin;C:\Users\Acer\AppData\Local\Yarn\config\global\node_modules\.bin;C:\Users\Acer\AppData\Roaming\Composer\vendor\bin;D:\laragon\bin;D:\laragon\bin\apache\httpd-2.4.54-win64-VS16\bin;D:\laragon\bin\composer;D:\laragon\bin\git\bin;D:\laragon\bin\git\cmd;D:\laragon\bin\git\mingw64\bin;D:\laragon\bin\git\usr\bin;D:\laragon\bin\laragon\utils;D:\laragon\bin\mysql\mysql-8.0.30-winx64\bin;D:\laragon\bin\nginx\nginx-1.22.0;D:\laragon\bin\ngrok;D:\laragon\bin\nodejs\node-v22.17.0-win-x64;D:\laragon\bin\notepad++;D:\laragon\bin\php\php-8.4.10-nts-Win32-vs17-x64;D:\laragon\bin\python\python-3.10;D:\laragon\bin\python\python-3.10\Scripts;D:\laragon\bin\redis\redis-x64-5.0.14.1;D:\laragon\bin\telnet;D:\laragon\usr\bin;C:\Users\Acer\AppData\Local\Microsoft\WindowsApps;C:\Users\Acer\AppData\Local\spicetify;C:\Users\Acer\AppData\Local\Microsoft\WinGet\Packages\Schniz.fnm_Microsoft.Winget.Source_8wekyb3d8bbwe;D:\IntelliJ IDEA 2024.3.2.2\bin;C:\Users\Acer\.dotnet\tools;C:\Users\Acer\AppData\Local\GitHubDesktop\bin;C:\Users\Acer\AppData\Local\Microsoft\WindowsApps;C:\Users\Acer\AppData\Local\Programs\Microsoft VS Code\bin;C:\Users\Acer\.aftman\bin;C:\Users\Acer\.rokit\bin
USERNAME=Acer
OS=Windows_NT
PROCESSOR_IDENTIFIER=Intel64 Family 6 Model 186 Stepping 3, GenuineIntel
TMP=C:\Users\Acer\AppData\Local\Temp
TEMP=C:\Users\Acer\AppData\Local\Temp




Periodic native trim disabled

---------------  S Y S T E M  ---------------

OS:
 Windows 11 , 64 bit Build 26100 (10.0.26100.7309)
OS uptime: 0 days 3:25 hours
Hyper-V role detected

CPU: total 12 (initial active 12) (6 cores per cpu, 2 threads per core) family 6 model 186 stepping 3 microcode 0x410e, cx8, cmov, fxsr, ht, mmx, 3dnowpref, sse, sse2, sse3, ssse3, sse4.1, sse4.2, popcnt, lzcnt, tsc, tscinvbit, avx, avx2, aes, erms, clmul, bmi1, bmi2, adx, sha, fma, vzeroupper, clflush, clflushopt, clwb, hv, serialize, rdtscp, rdpid, fsrm, gfni, f16c, cet_ibt, cet_ss
Processor Information for processor 0
  Max Mhz: 1300, Current Mhz: 1300, Mhz Limit: 1300
Processor Information for processor 1
  Max Mhz: 1300, Current Mhz: 1300, Mhz Limit: 1300
Processor Information for processor 2
  Max Mhz: 1300, Current Mhz: 1300, Mhz Limit: 1300
Processor Information for processor 3
  Max Mhz: 1300, Current Mhz: 1300, Mhz Limit: 1300
Processor Information for processor 4
  Max Mhz: 1300, Current Mhz: 900, Mhz Limit: 897
Processor Information for processor 5
  Max Mhz: 1300, Current Mhz: 900, Mhz Limit: 897
Processor Information for processor 6
  Max Mhz: 1300, Current Mhz: 900, Mhz Limit: 897
Processor Information for processor 7
  Max Mhz: 1300, Current Mhz: 900, Mhz Limit: 897
Processor Information for processor 8
  Max Mhz: 1300, Current Mhz: 900, Mhz Limit: 897
Processor Information for processor 9
  Max Mhz: 1300, Current Mhz: 900, Mhz Limit: 897
Processor Information for processor 10
  Max Mhz: 1300, Current Mhz: 900, Mhz Limit: 897
Processor Information for processor 11
  Max Mhz: 1300, Current Mhz: 900, Mhz Limit: 897

Memory: 4k page, system-wide physical 16087M (1295M free)
TotalPageFile size 22410M (AvailPageFile size 221M)
current process WorkingSet (physical memory assigned to process): 110M, peak: 147M
current process commit charge ("private bytes"): 172M, peak: 401M

vm_info: OpenJDK 64-Bit Server VM (24.0.1+9-30) for windows-amd64 JRE (24.0.1+9-30), built on 2025-03-05T07:23:45Z with MS VC++ 17.6 (VS2022)

END.
